TN:
SF:src/App.jsx
FN:13,App
FNF:1
FNH:0
FNDA:0,App
DA:14,0
DA:16,0
DA:17,0
DA:24,0
LF:4
LH:0
BRDA:16,0,0,0
BRDA:16,0,1,0
BRDA:32,1,0,0
BRDA:32,1,1,0
BRDA:37,2,0,0
BRDA:37,2,1,0
BRDA:48,3,0,0
BRDA:48,3,1,0
BRDA:57,4,0,0
BRDA:57,4,1,0
BRDA:65,5,0,0
BRDA:65,5,1,0
BRF:12
BRH:0
end_of_record
TN:
SF:src/api/adminApi.js
FN:9,(anonymous_0)
FNF:1
FNH:0
FNDA:0,(anonymous_0)
DA:9,0
DA:11,0
DA:12,0
LF:3
LH:0
BRF:0
BRH:0
end_of_record
TN:
SF:src/api/analyticsApi.js
FN:11,(anonymous_0)
FN:44,(anonymous_1)
FN:81,(anonymous_2)
FN:117,(anonymous_3)
FN:149,(anonymous_4)
FNF:5
FNH:0
FNDA:0,(anonymous_0)
FNDA:0,(anonymous_1)
FNDA:0,(anonymous_2)
FNDA:0,(anonymous_3)
FNDA:0,(anonymous_4)
DA:11,0
DA:12,0
DA:14,0
DA:15,0
DA:18,0
DA:19,0
DA:22,0
DA:23,0
DA:26,0
DA:27,0
DA:31,0
DA:32,0
DA:44,0
DA:45,0
DA:47,0
DA:48,0
DA:51,0
DA:52,0
DA:55,0
DA:56,0
DA:59,0
DA:60,0
DA:63,0
DA:64,0
DA:68,0
DA:69,0
DA:81,0
DA:82,0
DA:84,0
DA:85,0
DA:88,0
DA:89,0
DA:92,0
DA:93,0
DA:96,0
DA:97,0
DA:100,0
DA:101,0
DA:105,0
DA:106,0
DA:117,0
DA:118,0
DA:120,0
DA:121,0
DA:124,0
DA:125,0
DA:128,0
DA:129,0
DA:132,0
DA:133,0
DA:137,0
DA:138,0
DA:149,0
DA:150,0
DA:152,0
DA:153,0
DA:156,0
DA:157,0
DA:160,0
DA:161,0
DA:164,0
DA:165,0
DA:169,0
DA:170,0
LF:64
LH:0
BRDA:11,0,0,0
BRDA:14,1,0,0
BRDA:14,1,1,0
BRDA:18,2,0,0
BRDA:18,2,1,0
BRDA:22,3,0,0
BRDA:22,3,1,0
BRDA:28,4,0,0
BRDA:28,4,1,0
BRDA:44,5,0,0
BRDA:47,6,0,0
BRDA:47,6,1,0
BRDA:51,7,0,0
BRDA:51,7,1,0
BRDA:55,8,0,0
BRDA:55,8,1,0
BRDA:59,9,0,0
BRDA:59,9,1,0
BRDA:65,10,0,0
BRDA:65,10,1,0
BRDA:81,11,0,0
BRDA:84,12,0,0
BRDA:84,12,1,0
BRDA:88,13,0,0
BRDA:88,13,1,0
BRDA:92,14,0,0
BRDA:92,14,1,0
BRDA:96,15,0,0
BRDA:96,15,1,0
BRDA:102,16,0,0
BRDA:102,16,1,0
BRDA:117,17,0,0
BRDA:120,18,0,0
BRDA:120,18,1,0
BRDA:124,19,0,0
BRDA:124,19,1,0
BRDA:128,20,0,0
BRDA:128,20,1,0
BRDA:134,21,0,0
BRDA:134,21,1,0
BRDA:149,22,0,0
BRDA:152,23,0,0
BRDA:152,23,1,0
BRDA:156,24,0,0
BRDA:156,24,1,0
BRDA:160,25,0,0
BRDA:160,25,1,0
BRDA:166,26,0,0
BRDA:166,26,1,0
BRF:49
BRH:0
end_of_record
TN:
SF:src/api/apiConfig.js
FN:59,(anonymous_0)
FN:72,(anonymous_1)
FN:78,(anonymous_2)
FN:91,(anonymous_3)
FN:99,(anonymous_4)
FN:101,(anonymous_5)
FN:135,(anonymous_6)
FN:146,(anonymous_7)
FN:155,(anonymous_8)
FN:272,(anonymous_9)
FN:277,(anonymous_10)
FN:307,(anonymous_11)
FNF:12
FNH:3
FNDA:36,(anonymous_0)
FNDA:0,(anonymous_1)
FNDA:0,(anonymous_2)
FNDA:0,(anonymous_3)
FNDA:0,(anonymous_4)
FNDA:0,(anonymous_5)
FNDA:0,(anonymous_6)
FNDA:0,(anonymous_7)
FNDA:9,(anonymous_8)
FNDA:0,(anonymous_9)
FNDA:0,(anonymous_10)
FNDA:9,(anonymous_11)
DA:6,2
DA:9,2
DA:17,2
DA:18,2
DA:19,2
DA:20,2
DA:21,2
DA:22,2
DA:23,2
DA:26,2
DA:33,2
DA:34,2
DA:35,2
DA:38,2
DA:59,2
DA:60,36
DA:61,1
DA:68,36
DA:72,2
DA:73,0
DA:78,2
DA:79,0
DA:80,0
DA:81,0
DA:87,0
DA:91,2
DA:92,0
DA:99,2
DA:101,0
DA:102,0
DA:105,0
DA:106,0
DA:120,0
DA:135,2
DA:136,0
DA:137,0
DA:138,0
DA:140,0
DA:144,0
DA:146,0
DA:147,0
DA:149,0
DA:154,2
DA:156,9
DA:157,9
DA:158,9
DA:159,9
DA:162,9
DA:165,9
DA:166,0
DA:168,0
DA:173,0
DA:174,0
DA:175,0
DA:184,0
DA:185,0
DA:190,9
DA:191,8
DA:192,8
DA:193,4
DA:194,4
DA:197,0
DA:198,0
DA:200,0
DA:208,0
DA:217,0
DA:219,0
DA:227,0
DA:235,0
DA:241,4
DA:245,1
DA:249,9
DA:250,0
DA:257,0
DA:261,9
DA:263,9
DA:264,0
DA:267,0
DA:270,9
DA:272,0
DA:276,2
DA:278,0
DA:279,0
DA:280,0
DA:283,0
DA:284,0
DA:286,0
DA:287,0
DA:288,0
DA:289,0
DA:291,0
DA:292,0
DA:296,0
DA:297,0
DA:301,0
DA:302,0
DA:305,0
DA:309,9
DA:310,0
DA:313,9
DA:314,9
DA:315,9
DA:318,9
DA:319,9
DA:320,9
DA:321,9
DA:323,9
DA:324,0
DA:325,0
DA:327,0
DA:328,0
DA:334,9
DA:335,0
DA:336,0
DA:337,0
DA:339,0
DA:344,9
DA:346,0
DA:347,0
DA:349,0
DA:357,0
DA:366,0
DA:367,0
DA:368,0
DA:373,9
DA:376,9
DA:390,9
DA:393,9
DA:395,9
DA:396,9
DA:397,9
DA:400,9
DA:406,9
DA:422,9
LF:134
LH:63
BRDA:60,0,0,1
BRDA:60,0,1,35
BRDA:73,1,0,0
BRDA:73,1,1,0
BRDA:80,2,0,0
BRDA:80,2,1,0
BRDA:80,3,0,0
BRDA:80,3,1,0
BRDA:99,4,0,0
BRDA:102,5,0,0
BRDA:102,5,1,0
BRDA:105,6,0,0
BRDA:105,6,1,0
BRDA:135,7,0,0
BRDA:140,8,0,0
BRDA:140,8,1,0
BRDA:140,9,0,0
BRDA:140,9,1,0
BRDA:140,9,2,0
BRDA:157,10,0,9
BRDA:157,10,1,0
BRDA:165,11,0,0
BRDA:165,11,1,9
BRDA:166,12,0,0
BRDA:166,12,1,0
BRDA:174,13,0,0
BRDA:174,13,1,0
BRDA:190,14,0,8
BRDA:190,14,1,1
BRDA:192,15,0,4
BRDA:192,15,1,4
BRDA:194,16,0,0
BRDA:194,16,1,4
BRDA:198,17,0,0
BRDA:198,17,1,0
BRDA:217,18,0,0
BRDA:217,18,1,0
BRDA:249,19,0,0
BRDA:249,19,1,9
BRDA:263,20,0,0
BRDA:263,20,1,9
BRDA:264,21,0,0
BRDA:264,21,1,0
BRDA:279,22,0,0
BRDA:279,22,1,0
BRDA:284,23,0,0
BRDA:284,23,1,0
BRDA:289,24,0,0
BRDA:289,24,1,0
BRDA:296,25,0,0
BRDA:296,25,1,0
BRDA:296,26,0,0
BRDA:296,26,1,0
BRDA:296,26,2,0
BRDA:301,27,0,0
BRDA:301,27,1,0
BRDA:309,28,0,0
BRDA:309,28,1,9
BRDA:314,29,0,9
BRDA:314,29,1,0
BRDA:318,30,0,9
BRDA:318,30,1,0
BRDA:321,31,0,9
BRDA:321,31,1,0
BRDA:323,32,0,0
BRDA:323,32,1,9
BRDA:323,33,0,9
BRDA:323,33,1,9
BRDA:327,34,0,0
BRDA:327,34,1,0
BRDA:334,35,0,0
BRDA:334,35,1,9
BRDA:334,36,0,9
BRDA:334,36,1,0
BRDA:334,36,2,0
BRDA:344,37,0,0
BRDA:344,37,1,9
BRDA:344,38,0,9
BRDA:344,38,1,9
BRDA:344,38,2,9
BRDA:347,39,0,0
BRDA:347,39,1,0
BRDA:366,40,0,0
BRDA:366,40,1,0
BRDA:377,41,0,9
BRDA:377,41,1,0
BRDA:378,42,0,9
BRDA:378,42,1,0
BRDA:384,43,0,9
BRDA:384,43,1,0
BRDA:393,44,0,9
BRDA:393,44,1,0
BRDA:413,45,0,9
BRDA:413,45,1,0
BRDA:417,46,0,9
BRDA:417,46,1,0
BRF:96
BRH:30
end_of_record
TN:
SF:src/api/authApi.js
FN:5,(anonymous_0)
FN:11,(anonymous_1)
FN:24,(anonymous_2)
FN:34,(anonymous_3)
FN:40,(anonymous_4)
FN:46,(anonymous_5)
FN:54,(anonymous_6)
FN:67,(anonymous_7)
FNF:8
FNH:0
FNDA:0,(anonymous_0)
FNDA:0,(anonymous_1)
FNDA:0,(anonymous_2)
FNDA:0,(anonymous_3)
FNDA:0,(anonymous_4)
FNDA:0,(anonymous_5)
FNDA:0,(anonymous_6)
FNDA:0,(anonymous_7)
DA:5,1
DA:6,0
DA:7,0
DA:11,1
DA:12,0
DA:15,0
DA:16,0
DA:17,0
DA:20,0
DA:24,1
DA:25,0
DA:28,0
DA:30,0
DA:34,1
DA:35,0
DA:36,0
DA:40,1
DA:41,0
DA:42,0
DA:46,1
DA:47,0
DA:50,0
DA:54,1
DA:55,0
DA:58,0
DA:59,0
DA:60,0
DA:63,0
DA:67,1
DA:68,0
DA:71,0
DA:72,0
DA:73,0
DA:74,0
DA:77,0
LF:35
LH:8
BRDA:15,0,0,0
BRDA:15,0,1,0
BRDA:58,1,0,0
BRDA:58,1,1,0
BRDA:71,2,0,0
BRDA:71,2,1,0
BRDA:72,3,0,0
BRDA:72,3,1,0
BRF:8
BRH:0
end_of_record
TN:
SF:src/api/budgetApi.js
FN:8,(anonymous_0)
FN:72,(anonymous_1)
FN:82,(anonymous_2)
FN:96,(anonymous_3)
FN:122,(anonymous_4)
FN:132,(anonymous_5)
FN:142,(anonymous_6)
FNF:7
FNH:0
FNDA:0,(anonymous_0)
FNDA:0,(anonymous_1)
FNDA:0,(anonymous_2)
FNDA:0,(anonymous_3)
FNDA:0,(anonymous_4)
FNDA:0,(anonymous_5)
FNDA:0,(anonymous_6)
DA:8,0
DA:10,0
DA:13,0
DA:16,0
DA:17,0
DA:21,0
DA:22,0
DA:26,0
DA:27,0
DA:31,0
DA:32,0
DA:36,0
DA:37,0
DA:40,0
DA:41,0
DA:45,0
DA:46,0
DA:49,0
DA:53,0
DA:54,0
DA:58,0
DA:59,0
DA:61,0
DA:64,0
DA:72,0
DA:73,0
DA:74,0
DA:82,0
DA:84,0
DA:96,0
DA:97,0
DA:98,0
DA:103,0
DA:104,0
DA:107,0
DA:108,0
DA:111,0
DA:113,0
DA:122,0
DA:123,0
DA:124,0
DA:132,0
DA:133,0
DA:134,0
DA:142,0
DA:144,0
DA:146,0
DA:147,0
DA:150,0
DA:151,0
DA:155,0
DA:156,0
DA:158,0
DA:159,0
LF:54
LH:0
BRDA:8,0,0,0
BRDA:16,1,0,0
BRDA:16,1,1,0
BRDA:21,2,0,0
BRDA:21,2,1,0
BRDA:26,3,0,0
BRDA:26,3,1,0
BRDA:31,4,0,0
BRDA:31,4,1,0
BRDA:36,5,0,0
BRDA:36,5,1,0
BRDA:40,6,0,0
BRDA:40,6,1,0
BRDA:45,7,0,0
BRDA:45,7,1,0
BRDA:53,8,0,0
BRDA:53,8,1,0
BRDA:59,9,0,0
BRDA:59,9,1,0
BRDA:97,10,0,0
BRDA:97,10,1,0
BRDA:97,11,0,0
BRDA:97,11,1,0
BRDA:103,12,0,0
BRDA:103,12,1,0
BRDA:107,13,0,0
BRDA:107,13,1,0
BRDA:107,14,0,0
BRDA:107,14,1,0
BRDA:142,15,0,0
BRDA:146,16,0,0
BRDA:146,16,1,0
BRDA:150,17,0,0
BRDA:150,17,1,0
BRDA:156,18,0,0
BRDA:156,18,1,0
BRF:36
BRH:0
end_of_record
TN:
SF:src/api/expenseApi.js
FN:8,(anonymous_0)
FN:76,(anonymous_1)
FN:104,(anonymous_2)
FN:108,(anonymous_3)
FN:131,(anonymous_4)
FN:135,(anonymous_5)
FN:157,(anonymous_6)
FN:167,(anonymous_7)
FN:258,(anonymous_8)
FN:269,(anonymous_9)
FN:279,(anonymous_10)
FN:289,(anonymous_11)
FN:299,(anonymous_12)
FN:308,(anonymous_13)
FN:318,(anonymous_14)
FN:328,(anonymous_15)
FN:349,(anonymous_16)
FN:359,(anonymous_17)
FN:369,(anonymous_18)
FNF:19
FNH:0
FNDA:0,(anonymous_0)
FNDA:0,(anonymous_1)
FNDA:0,(anonymous_2)
FNDA:0,(anonymous_3)
FNDA:0,(anonymous_4)
FNDA:0,(anonymous_5)
FNDA:0,(anonymous_6)
FNDA:0,(anonymous_7)
FNDA:0,(anonymous_8)
FNDA:0,(anonymous_9)
FNDA:0,(anonymous_10)
FNDA:0,(anonymous_11)
FNDA:0,(anonymous_12)
FNDA:0,(anonymous_13)
FNDA:0,(anonymous_14)
FNDA:0,(anonymous_15)
FNDA:0,(anonymous_16)
FNDA:0,(anonymous_17)
FNDA:0,(anonymous_18)
DA:8,0
DA:10,0
DA:13,0
DA:14,0
DA:17,0
DA:18,0
DA:22,0
DA:23,0
DA:26,0
DA:27,0
DA:31,0
DA:32,0
DA:35,0
DA:36,0
DA:40,0
DA:41,0
DA:44,0
DA:45,0
DA:49,0
DA:50,0
DA:53,0
DA:57,0
DA:58,0
DA:62,0
DA:63,0
DA:65,0
DA:68,0
DA:76,0
DA:77,0
DA:80,0
DA:83,0
DA:84,0
DA:96,0
DA:104,0
DA:106,0
DA:108,0
DA:110,0
DA:111,0
DA:114,0
DA:115,0
DA:117,0
DA:121,0
DA:122,0
DA:131,0
DA:133,0
DA:135,0
DA:137,0
DA:138,0
DA:141,0
DA:142,0
DA:144,0
DA:148,0
DA:149,0
DA:157,0
DA:158,0
DA:159,0
DA:167,0
DA:169,0
DA:172,0
DA:173,0
DA:176,0
DA:179,0
DA:182,0
DA:183,0
DA:184,0
DA:185,0
DA:186,0
DA:189,0
DA:190,0
DA:191,0
DA:192,0
DA:193,0
DA:194,0
DA:198,0
DA:199,0
DA:202,0
DA:205,0
DA:206,0
DA:207,0
DA:208,0
DA:211,0
DA:212,0
DA:214,0
DA:217,0
DA:219,0
DA:220,0
DA:221,0
DA:231,0
DA:232,0
DA:234,0
DA:237,0
DA:239,0
DA:242,0
DA:245,0
DA:258,0
DA:259,0
DA:260,0
DA:269,0
DA:270,0
DA:271,0
DA:279,0
DA:280,0
DA:281,0
DA:289,0
DA:290,0
DA:291,0
DA:299,0
DA:300,0
DA:301,0
DA:308,0
DA:309,0
DA:310,0
DA:318,0
DA:319,0
DA:320,0
DA:328,0
DA:329,0
DA:331,0
DA:332,0
DA:333,0
DA:334,0
DA:336,0
DA:337,0
DA:339,0
DA:340,0
DA:349,0
DA:350,0
DA:351,0
DA:359,0
DA:360,0
DA:361,0
DA:369,0
DA:370,0
DA:371,0
LF:134
LH:0
BRDA:8,0,0,0
BRDA:13,1,0,0
BRDA:13,1,1,0
BRDA:17,2,0,0
BRDA:17,2,1,0
BRDA:22,3,0,0
BRDA:22,3,1,0
BRDA:26,4,0,0
BRDA:26,4,1,0
BRDA:31,5,0,0
BRDA:31,5,1,0
BRDA:35,6,0,0
BRDA:35,6,1,0
BRDA:40,7,0,0
BRDA:40,7,1,0
BRDA:44,8,0,0
BRDA:44,8,1,0
BRDA:49,9,0,0
BRDA:49,9,1,0
BRDA:57,10,0,0
BRDA:57,10,1,0
BRDA:63,11,0,0
BRDA:63,11,1,0
BRDA:83,12,0,0
BRDA:83,12,1,0
BRDA:89,13,0,0
BRDA:89,13,1,0
BRDA:90,14,0,0
BRDA:90,14,1,0
BRDA:91,15,0,0
BRDA:91,15,1,0
BRDA:92,16,0,0
BRDA:92,16,1,0
BRDA:106,17,0,0
BRDA:106,17,1,0
BRDA:106,18,0,0
BRDA:106,18,1,0
BRDA:110,19,0,0
BRDA:110,19,1,0
BRDA:110,20,0,0
BRDA:110,20,1,0
BRDA:114,21,0,0
BRDA:114,21,1,0
BRDA:133,22,0,0
BRDA:133,22,1,0
BRDA:133,23,0,0
BRDA:133,23,1,0
BRDA:137,24,0,0
BRDA:137,24,1,0
BRDA:137,25,0,0
BRDA:137,25,1,0
BRDA:141,26,0,0
BRDA:141,26,1,0
BRDA:167,27,0,0
BRDA:172,28,0,0
BRDA:172,28,1,0
BRDA:173,29,0,0
BRDA:173,29,1,0
BRDA:176,30,0,0
BRDA:176,30,1,0
BRDA:179,31,0,0
BRDA:179,31,1,0
BRDA:182,32,0,0
BRDA:182,32,1,0
BRDA:184,33,0,0
BRDA:184,33,1,0
BRDA:185,34,0,0
BRDA:185,34,1,0
BRDA:189,35,0,0
BRDA:189,35,1,0
BRDA:191,36,0,0
BRDA:191,36,1,0
BRDA:193,37,0,0
BRDA:193,37,1,0
BRDA:198,38,0,0
BRDA:198,38,1,0
BRDA:202,39,0,0
BRDA:202,39,1,0
BRDA:205,40,0,0
BRDA:205,40,1,0
BRDA:207,41,0,0
BRDA:207,41,1,0
BRDA:212,42,0,0
BRDA:212,42,1,0
BRDA:217,43,0,0
BRDA:217,43,1,0
BRDA:219,44,0,0
BRDA:219,44,1,0
BRDA:220,45,0,0
BRDA:220,45,1,0
BRDA:225,46,0,0
BRDA:225,46,1,0
BRDA:232,47,0,0
BRDA:232,47,1,0
BRDA:234,48,0,0
BRDA:234,48,1,0
BRDA:237,49,0,0
BRDA:237,49,1,0
BRDA:247,50,0,0
BRDA:247,50,1,0
BRDA:248,51,0,0
BRDA:248,51,1,0
BRDA:249,52,0,0
BRDA:249,52,1,0
BRDA:328,53,0,0
BRDA:331,54,0,0
BRDA:331,54,1,0
BRDA:332,55,0,0
BRDA:332,55,1,0
BRDA:333,56,0,0
BRDA:333,56,1,0
BRDA:334,57,0,0
BRDA:334,57,1,0
BRDA:337,58,0,0
BRDA:337,58,1,0
BRF:115
BRH:0
end_of_record
TN:
SF:src/api/mockData.js
FNF:0
FNH:0
DA:5,0
LF:1
LH:0
BRF:0
BRH:0
end_of_record
TN:
SF:src/api/settingsApi.js
FN:7,(anonymous_0)
FN:17,(anonymous_1)
FN:27,(anonymous_2)
FN:37,(anonymous_3)
FN:48,(anonymous_4)
FN:58,(anonymous_5)
FNF:6
FNH:1
FNDA:9,(anonymous_0)
FNDA:0,(anonymous_1)
FNDA:0,(anonymous_2)
FNDA:0,(anonymous_3)
FNDA:0,(anonymous_4)
FNDA:0,(anonymous_5)
DA:7,1
DA:8,9
DA:9,0
DA:17,1
DA:18,0
DA:19,0
DA:27,1
DA:28,0
DA:29,0
DA:37,1
DA:38,0
DA:39,0
DA:48,1
DA:49,0
DA:50,0
DA:58,1
DA:59,0
DA:60,0
LF:18
LH:7
BRF:0
BRH:0
end_of_record
TN:
SF:src/api/userApi.js
FN:7,(anonymous_0)
FN:17,(anonymous_1)
FN:27,(anonymous_2)
FN:38,(anonymous_3)
FN:48,(anonymous_4)
FNF:5
FNH:0
FNDA:0,(anonymous_0)
FNDA:0,(anonymous_1)
FNDA:0,(anonymous_2)
FNDA:0,(anonymous_3)
FNDA:0,(anonymous_4)
DA:7,0
DA:8,0
DA:9,0
DA:17,0
DA:18,0
DA:19,0
DA:27,0
DA:28,0
DA:29,0
DA:38,0
DA:39,0
DA:40,0
DA:48,0
DA:49,0
DA:50,0
LF:15
LH:0
BRF:0
BRH:0
end_of_record
TN:
SF:src/components/ExpenseFilters.jsx
FN:16,(anonymous_0)
FN:27,(anonymous_1)
FN:29,(anonymous_2)
FN:35,(anonymous_3)
FN:36,(anonymous_4)
FN:43,(anonymous_5)
FN:48,(anonymous_6)
FN:61,(anonymous_7)
FN:66,(anonymous_8)
FNF:9
FNH:0
FNDA:0,(anonymous_0)
FNDA:0,(anonymous_1)
FNDA:0,(anonymous_2)
FNDA:0,(anonymous_3)
FNDA:0,(anonymous_4)
FNDA:0,(anonymous_5)
FNDA:0,(anonymous_6)
FNDA:0,(anonymous_7)
FNDA:0,(anonymous_8)
DA:16,0
DA:17,0
DA:18,0
DA:27,0
DA:28,0
DA:29,0
DA:35,0
DA:36,0
DA:43,0
DA:44,0
DA:45,0
DA:48,0
DA:49,0
DA:57,0
DA:58,0
DA:61,0
DA:62,0
DA:65,0
DA:66,0
DA:69,0
LF:20
LH:0
BRDA:16,0,0,0
BRDA:19,1,0,0
BRDA:19,1,1,0
BRDA:20,2,0,0
BRDA:20,2,1,0
BRDA:21,3,0,0
BRDA:21,3,1,0
BRDA:22,4,0,0
BRDA:22,4,1,0
BRDA:23,5,0,0
BRDA:23,5,1,0
BRDA:24,6,0,0
BRDA:24,6,1,0
BRDA:84,7,0,0
BRDA:84,7,1,0
BRDA:92,8,0,0
BRDA:92,8,1,0
BRDA:100,9,0,0
BRDA:100,9,1,0
BRF:19
BRH:0
end_of_record
TN:
SF:src/components/ExpensesList.jsx
FN:21,(anonymous_0)
FN:38,(anonymous_1)
FN:44,(anonymous_2)
FN:112,(anonymous_3)
FN:127,(anonymous_4)
FN:170,(anonymous_5)
FN:178,(anonymous_6)
FNF:7
FNH:0
FNDA:0,(anonymous_0)
FNDA:0,(anonymous_1)
FNDA:0,(anonymous_2)
FNDA:0,(anonymous_3)
FNDA:0,(anonymous_4)
FNDA:0,(anonymous_5)
FNDA:0,(anonymous_6)
DA:21,0
DA:29,0
DA:30,0
DA:31,0
DA:38,0
DA:39,0
DA:40,0
DA:41,0
DA:44,0
DA:45,0
DA:48,0
DA:58,0
DA:71,0
DA:112,0
DA:128,0
DA:170,0
DA:178,0
LF:17
LH:0
BRDA:22,0,0,0
BRDA:105,1,0,0
BRDA:105,1,1,0
BRDA:156,2,0,0
BRDA:156,2,1,0
BRDA:190,3,0,0
BRDA:190,3,1,0
BRF:7
BRH:0
end_of_record
TN:
SF:src/components/analytics/AnalyticsNav.jsx
FN:13,(anonymous_0)
FN:112,(anonymous_1)
FNF:2
FNH:0
FNDA:0,(anonymous_0)
FNDA:0,(anonymous_1)
DA:13,0
DA:14,0
DA:48,0
DA:58,0
DA:71,0
DA:85,0
DA:113,0
LF:7
LH:0
BRDA:97,0,0,0
BRDA:97,0,1,0
BRDA:104,1,0,0
BRDA:104,1,1,0
BRDA:117,2,0,0
BRDA:117,2,1,0
BRDA:124,3,0,0
BRDA:124,3,1,0
BRF:8
BRH:0
end_of_record
TN:
SF:src/components/cards/ExpenseCard.jsx
FNF:0
FNH:0
LF:0
LH:0
BRF:0
BRH:0
end_of_record
TN:
SF:src/components/cards/StatCard.jsx
FNF:0
FNH:0
LF:0
LH:0
BRF:0
BRH:0
end_of_record
TN:
SF:src/components/charts/ExpenseChart.jsx
FN:35,(anonymous_0)
FN:45,(anonymous_1)
FN:54,(anonymous_2)
FN:56,(anonymous_3)
FN:64,(anonymous_4)
FN:78,(anonymous_5)
FN:103,(anonymous_6)
FN:105,(anonymous_7)
FN:121,(anonymous_8)
FN:123,(anonymous_9)
FN:140,(anonymous_10)
FN:164,(anonymous_11)
FNF:12
FNH:0
FNDA:0,(anonymous_0)
FNDA:0,(anonymous_1)
FNDA:0,(anonymous_2)
FNDA:0,(anonymous_3)
FNDA:0,(anonymous_4)
FNDA:0,(anonymous_5)
FNDA:0,(anonymous_6)
FNDA:0,(anonymous_7)
FNDA:0,(anonymous_8)
FNDA:0,(anonymous_9)
FNDA:0,(anonymous_10)
FNDA:0,(anonymous_11)
DA:18,0
DA:31,0
DA:32,0
DA:35,0
DA:36,0
DA:45,0
DA:52,0
DA:54,0
DA:56,0
DA:57,0
DA:58,0
DA:64,0
DA:65,0
DA:79,0
DA:80,0
DA:81,0
DA:83,0
DA:84,0
DA:86,0
DA:88,0
DA:95,0
DA:97,0
DA:105,0
DA:106,0
DA:108,0
DA:115,0
DA:123,0
DA:124,0
DA:126,0
DA:133,0
DA:141,0
DA:142,0
DA:143,0
DA:144,0
DA:153,0
DA:158,0
DA:164,0
DA:165,0
DA:166,0
DA:173,0
DA:175,0
DA:177,0
DA:179,0
DA:181,0
DA:185,0
LF:45
LH:0
BRDA:46,0,0,0
BRDA:48,1,0,0
BRDA:49,2,0,0
BRDA:50,3,0,0
BRDA:57,4,0,0
BRDA:57,4,1,0
BRDA:79,5,0,0
BRDA:79,5,1,0
BRDA:80,6,0,0
BRDA:80,6,1,0
BRDA:83,7,0,0
BRDA:83,7,1,0
BRDA:83,8,0,0
BRDA:83,8,1,0
BRDA:95,9,0,0
BRDA:95,9,1,0
BRDA:95,9,2,0
BRDA:95,9,3,0
BRDA:108,10,0,0
BRDA:108,10,1,0
BRDA:126,11,0,0
BRDA:126,11,1,0
BRDA:141,12,0,0
BRDA:141,12,1,0
BRDA:142,13,0,0
BRDA:142,13,1,0
BRDA:143,14,0,0
BRDA:143,14,1,0
BRDA:165,15,0,0
BRDA:165,15,1,0
BRDA:165,16,0,0
BRDA:165,16,1,0
BRDA:173,17,0,0
BRDA:173,17,1,0
BRDA:173,17,2,0
BRDA:173,17,3,0
BRF:36
BRH:0
end_of_record
TN:
SF:src/components/error/ErrorBoundary.jsx
FN:7,(anonymous_0)
FN:17,(anonymous_1)
FN:25,(anonymous_2)
FN:46,(anonymous_3)
FN:60,(anonymous_4)
FN:64,(anonymous_5)
FN:68,(anonymous_6)
FN:179,(anonymous_7)
FN:180,(anonymous_8)
FN:194,(anonymous_9)
FN:197,(anonymous_10)
FN:203,(anonymous_11)
FNF:12
FNH:0
FNDA:0,(anonymous_0)
FNDA:0,(anonymous_1)
FNDA:0,(anonymous_2)
FNDA:0,(anonymous_3)
FNDA:0,(anonymous_4)
FNDA:0,(anonymous_5)
FNDA:0,(anonymous_6)
FNDA:0,(anonymous_7)
FNDA:0,(anonymous_8)
FNDA:0,(anonymous_9)
FNDA:0,(anonymous_10)
FNDA:0,(anonymous_11)
DA:8,0
DA:9,0
DA:19,0
DA:27,0
DA:34,0
DA:41,0
DA:42,0
DA:46,0
DA:47,0
DA:55,0
DA:56,0
DA:60,0
DA:61,0
DA:64,0
DA:65,0
DA:69,0
DA:71,0
DA:72,0
DA:81,0
DA:82,0
DA:84,0
DA:85,0
DA:101,0
DA:174,0
DA:179,0
DA:180,0
DA:181,0
DA:189,0
DA:190,0
DA:194,0
DA:195,0
DA:197,0
DA:198,0
DA:199,0
DA:203,0
DA:204,0
DA:207,0
LF:37
LH:0
BRDA:28,0,0,0
BRDA:28,0,1,0
BRDA:31,1,0,0
BRDA:31,1,1,0
BRDA:41,2,0,0
BRDA:41,2,1,0
BRDA:55,3,0,0
BRDA:55,3,1,0
BRDA:69,4,0,0
BRDA:69,4,1,0
BRDA:71,5,0,0
BRDA:71,5,1,0
BRDA:84,6,0,0
BRDA:84,6,1,0
BRDA:113,7,0,0
BRDA:113,7,1,0
BRDA:113,7,2,0
BRDA:149,8,0,0
BRDA:149,8,1,0
BRDA:149,8,2,0
BRDA:158,9,0,0
BRDA:158,9,1,0
BRDA:179,10,0,0
BRDA:182,11,0,0
BRDA:182,11,1,0
BRDA:189,12,0,0
BRDA:189,12,1,0
BRDA:198,13,0,0
BRDA:198,13,1,0
BRF:29
BRH:0
end_of_record
TN:
SF:src/components/error/ErrorToast.jsx
FN:16,(anonymous_0)
FN:21,(anonymous_1)
FN:22,(anonymous_2)
FN:29,(anonymous_3)
FN:46,(anonymous_4)
FN:79,(anonymous_5)
FN:86,(anonymous_6)
FN:120,(anonymous_7)
FN:149,(anonymous_8)
FN:152,(anonymous_9)
FN:154,(anonymous_10)
FN:158,(anonymous_11)
FN:162,(anonymous_12)
FNF:13
FNH:0
FNDA:0,(anonymous_0)
FNDA:0,(anonymous_1)
FNDA:0,(anonymous_2)
FNDA:0,(anonymous_3)
FNDA:0,(anonymous_4)
FNDA:0,(anonymous_5)
FNDA:0,(anonymous_6)
FNDA:0,(anonymous_7)
FNDA:0,(anonymous_8)
FNDA:0,(anonymous_9)
FNDA:0,(anonymous_10)
FNDA:0,(anonymous_11)
FNDA:0,(anonymous_12)
DA:16,0
DA:17,0
DA:18,0
DA:21,0
DA:22,0
DA:23,0
DA:26,0
DA:29,0
DA:30,0
DA:32,0
DA:34,0
DA:36,0
DA:38,0
DA:40,0
DA:42,0
DA:46,0
DA:47,0
DA:49,0
DA:56,0
DA:63,0
DA:70,0
DA:79,0
DA:80,0
DA:83,0
DA:87,0
DA:89,0
DA:120,0
DA:149,0
DA:150,0
DA:152,0
DA:153,0
DA:154,0
DA:155,0
DA:156,0
DA:158,0
DA:162,0
DA:163,0
DA:164,0
DA:167,0
LF:39
LH:0
BRDA:23,0,0,0
BRDA:23,0,1,0
BRDA:30,1,0,0
BRDA:30,1,1,0
BRDA:30,1,2,0
BRDA:30,1,3,0
BRDA:30,1,4,0
BRDA:30,1,5,0
BRDA:47,2,0,0
BRDA:47,2,1,0
BRDA:47,2,2,0
BRDA:47,2,3,0
BRDA:109,3,0,0
BRDA:109,3,1,0
BRDA:112,4,0,0
BRDA:112,4,1,0
BRDA:149,5,0,0
BRDA:153,6,0,0
BRDA:153,6,1,0
BRDA:169,7,0,0
BRDA:169,7,1,0
BRDA:206,8,0,0
BRDA:206,8,1,0
BRF:23
BRH:0
end_of_record
TN:
SF:src/components/expenses/ExpenseCalculator.jsx
FN:12,(anonymous_0)
FN:37,(anonymous_1)
FN:44,(anonymous_2)
FN:143,(anonymous_3)
FN:156,(anonymous_4)
FNF:5
FNH:0
FNDA:0,(anonymous_0)
FNDA:0,(anonymous_1)
FNDA:0,(anonymous_2)
FNDA:0,(anonymous_3)
FNDA:0,(anonymous_4)
DA:12,0
DA:17,0
DA:24,0
DA:30,0
DA:32,0
DA:33,0
DA:34,0
DA:37,0
DA:38,0
DA:39,0
DA:40,0
DA:44,0
DA:46,0
DA:48,0
DA:51,0
DA:52,0
DA:56,0
DA:57,0
DA:60,0
DA:61,0
DA:64,0
DA:67,0
DA:68,0
DA:83,0
DA:84,0
DA:91,0
DA:143,0
DA:156,0
LF:28
LH:0
BRDA:15,0,0,0
BRDA:46,1,0,0
BRDA:46,1,1,0
BRDA:46,2,0,0
BRDA:46,2,1,0
BRDA:46,2,2,0
BRDA:51,3,0,0
BRDA:51,3,1,0
BRDA:51,4,0,0
BRDA:51,4,1,0
BRDA:56,5,0,0
BRDA:56,5,1,0
BRDA:60,6,0,0
BRDA:60,6,1,0
BRDA:67,7,0,0
BRDA:67,7,1,0
BRDA:83,8,0,0
BRDA:83,8,1,0
BRDA:83,9,0,0
BRDA:83,9,1,0
BRDA:83,9,2,0
BRDA:95,10,0,0
BRDA:95,10,1,0
BRDA:125,11,0,0
BRDA:125,11,1,0
BRF:25
BRH:0
end_of_record
TN:
SF:src/components/expenses/ExpenseFilters.jsx
FN:13,(anonymous_0)
FN:32,(anonymous_1)
FN:33,(anonymous_2)
FN:48,(anonymous_3)
FN:54,(anonymous_4)
FN:64,(anonymous_5)
FN:72,(anonymous_6)
FN:95,(anonymous_7)
FN:114,(anonymous_8)
FN:125,(anonymous_9)
FN:154,(anonymous_10)
FN:165,(anonymous_11)
FN:175,(anonymous_12)
FN:193,(anonymous_13)
FN:198,(anonymous_14)
FNF:15
FNH:0
FNDA:0,(anonymous_0)
FNDA:0,(anonymous_1)
FNDA:0,(anonymous_2)
FNDA:0,(anonymous_3)
FNDA:0,(anonymous_4)
FNDA:0,(anonymous_5)
FNDA:0,(anonymous_6)
FNDA:0,(anonymous_7)
FNDA:0,(anonymous_8)
FNDA:0,(anonymous_9)
FNDA:0,(anonymous_10)
FNDA:0,(anonymous_11)
FNDA:0,(anonymous_12)
FNDA:0,(anonymous_13)
FNDA:0,(anonymous_14)
DA:13,0
DA:22,0
DA:23,0
DA:24,0
DA:25,0
DA:26,0
DA:27,0
DA:28,0
DA:29,0
DA:32,0
DA:33,0
DA:34,0
DA:35,0
DA:36,0
DA:37,0
DA:41,0
DA:45,0
DA:48,0
DA:49,0
DA:50,0
DA:51,0
DA:54,0
DA:55,0
DA:56,0
DA:64,0
DA:65,0
DA:66,0
DA:67,0
DA:68,0
DA:69,0
DA:72,0
DA:73,0
DA:74,0
DA:78,0
DA:95,0
DA:114,0
DA:125,0
DA:154,0
DA:165,0
DA:175,0
DA:193,0
DA:199,0
DA:234,0
LF:43
LH:0
BRDA:37,0,0,0
BRDA:37,0,1,0
BRDA:59,1,0,0
BRDA:59,1,1,0
BRDA:60,2,0,0
BRDA:60,2,1,0
BRDA:73,3,0,0
BRDA:73,3,1,0
BRDA:97,4,0,0
BRDA:97,4,1,0
BRDA:107,5,0,0
BRDA:107,5,1,0
BRDA:114,6,0,0
BRDA:114,6,1,0
BRDA:117,7,0,0
BRDA:117,7,1,0
BRDA:125,8,0,0
BRDA:125,8,1,0
BRDA:128,9,0,0
BRDA:128,9,1,0
BRDA:141,10,0,0
BRDA:141,10,1,0
BRDA:204,11,0,0
BRDA:204,11,1,0
BRF:24
BRH:0
end_of_record
TN:
SF:src/components/expenses/ExpenseRateDisplay.jsx
FN:11,(anonymous_0)
FNF:1
FNH:0
FNDA:0,(anonymous_0)
DA:11,0
DA:12,0
DA:18,0
DA:19,0
DA:26,0
LF:5
LH:0
BRDA:11,0,0,0
BRDA:18,1,0,0
BRDA:18,1,1,0
BRDA:31,2,0,0
BRDA:31,2,1,0
BRF:5
BRH:0
end_of_record
TN:
SF:src/components/forms/AddressInput.jsx
FNF:0
FNH:0
LF:0
LH:0
BRF:0
BRH:0
end_of_record
TN:
SF:src/components/forms/ExpenseForm.jsx
FN:47,(anonymous_0)
FN:90,(anonymous_1)
FN:92,(anonymous_2)
FN:134,(anonymous_3)
FN:199,(anonymous_4)
FN:210,(anonymous_5)
FN:212,(anonymous_6)
FN:224,(anonymous_7)
FN:225,(anonymous_8)
FN:231,(anonymous_9)
FN:255,(anonymous_10)
FN:257,(anonymous_11)
FN:264,(anonymous_12)
FN:276,(anonymous_13)
FN:296,(anonymous_14)
FN:303,(anonymous_15)
FN:324,(anonymous_16)
FN:343,(anonymous_17)
FN:362,(anonymous_18)
FN:384,(anonymous_19)
FN:390,(anonymous_20)
FN:396,(anonymous_21)
FN:403,(anonymous_22)
FN:406,(anonymous_23)
FN:414,(anonymous_24)
FN:419,(anonymous_25)
FN:469,(anonymous_26)
FN:475,(anonymous_27)
FN:503,(anonymous_28)
FN:513,(anonymous_29)
FN:548,(anonymous_30)
FN:603,(anonymous_31)
FN:615,(anonymous_32)
FN:695,(anonymous_33)
FN:697,(anonymous_34)
FN:702,(anonymous_35)
FN:704,(anonymous_36)
FN:709,(anonymous_37)
FN:714,(anonymous_38)
FN:743,(anonymous_39)
FN:757,(anonymous_40)
FN:767,(anonymous_41)
FN:789,(anonymous_42)
FN:816,(anonymous_43)
FN:853,(anonymous_44)
FN:1090,(anonymous_45)
FN:1253,(anonymous_46)
FN:1373,(anonymous_47)
FNF:48
FNH:0
FNDA:0,(anonymous_0)
FNDA:0,(anonymous_1)
FNDA:0,(anonymous_2)
FNDA:0,(anonymous_3)
FNDA:0,(anonymous_4)
FNDA:0,(anonymous_5)
FNDA:0,(anonymous_6)
FNDA:0,(anonymous_7)
FNDA:0,(anonymous_8)
FNDA:0,(anonymous_9)
FNDA:0,(anonymous_10)
FNDA:0,(anonymous_11)
FNDA:0,(anonymous_12)
FNDA:0,(anonymous_13)
FNDA:0,(anonymous_14)
FNDA:0,(anonymous_15)
FNDA:0,(anonymous_16)
FNDA:0,(anonymous_17)
FNDA:0,(anonymous_18)
FNDA:0,(anonymous_19)
FNDA:0,(anonymous_20)
FNDA:0,(anonymous_21)
FNDA:0,(anonymous_22)
FNDA:0,(anonymous_23)
FNDA:0,(anonymous_24)
FNDA:0,(anonymous_25)
FNDA:0,(anonymous_26)
FNDA:0,(anonymous_27)
FNDA:0,(anonymous_28)
FNDA:0,(anonymous_29)
FNDA:0,(anonymous_30)
FNDA:0,(anonymous_31)
FNDA:0,(anonymous_32)
FNDA:0,(anonymous_33)
FNDA:0,(anonymous_34)
FNDA:0,(anonymous_35)
FNDA:0,(anonymous_36)
FNDA:0,(anonymous_37)
FNDA:0,(anonymous_38)
FNDA:0,(anonymous_39)
FNDA:0,(anonymous_40)
FNDA:0,(anonymous_41)
FNDA:0,(anonymous_42)
FNDA:0,(anonymous_43)
FNDA:0,(anonymous_44)
FNDA:0,(anonymous_45)
FNDA:0,(anonymous_46)
FNDA:0,(anonymous_47)
DA:47,0
DA:48,0
DA:49,0
DA:50,0
DA:51,0
DA:52,0
DA:53,0
DA:54,0
DA:55,0
DA:56,0
DA:57,0
DA:58,0
DA:59,0
DA:60,0
DA:61,0
DA:62,0
DA:63,0
DA:64,0
DA:65,0
DA:68,0
DA:73,0
DA:90,0
DA:91,0
DA:92,0
DA:104,0
DA:105,0
DA:106,0
DA:107,0
DA:108,0
DA:111,0
DA:134,0
DA:135,0
DA:138,0
DA:139,0
DA:141,0
DA:142,0
DA:143,0
DA:144,0
DA:145,0
DA:146,0
DA:147,0
DA:148,0
DA:156,0
DA:157,0
DA:161,0
DA:187,0
DA:188,0
DA:189,0
DA:193,0
DA:198,0
DA:201,0
DA:203,0
DA:204,0
DA:207,0
DA:209,0
DA:210,0
DA:212,0
DA:218,0
DA:224,0
DA:225,0
DA:231,0
DA:232,0
DA:233,0
DA:234,0
DA:236,0
DA:239,0
DA:241,0
DA:242,0
DA:244,0
DA:245,0
DA:248,0
DA:250,0
DA:255,0
DA:256,0
DA:257,0
DA:263,0
DA:264,0
DA:271,0
DA:272,0
DA:276,0
DA:283,0
DA:291,0
DA:292,0
DA:296,0
DA:297,0
DA:303,0
DA:304,0
DA:307,0
DA:312,0
DA:320,0
DA:324,0
DA:325,0
DA:331,0
DA:332,0
DA:333,0
DA:335,0
DA:343,0
DA:344,0
DA:350,0
DA:351,0
DA:352,0
DA:354,0
DA:362,0
DA:363,0
DA:364,0
DA:369,0
DA:371,0
DA:372,0
DA:373,0
DA:375,0
DA:376,0
DA:377,0
DA:384,0
DA:386,0
DA:387,0
DA:390,0
DA:391,0
DA:392,0
DA:393,0
DA:396,0
DA:403,0
DA:404,0
DA:405,0
DA:406,0
DA:410,0
DA:413,0
DA:414,0
DA:419,0
DA:422,0
DA:423,0
DA:431,0
DA:437,0
DA:438,0
DA:444,0
DA:446,0
DA:449,0
DA:453,0
DA:454,0
DA:458,0
DA:464,0
DA:468,0
DA:469,0
DA:470,0
DA:472,0
DA:475,0
DA:486,0
DA:487,0
DA:501,0
DA:503,0
DA:508,0
DA:513,0
DA:514,0
DA:515,0
DA:516,0
DA:519,0
DA:520,0
DA:522,0
DA:532,0
DA:534,0
DA:535,0
DA:537,0
DA:540,0
DA:541,0
DA:543,0
DA:548,0
DA:549,0
DA:552,0
DA:553,0
DA:556,0
DA:557,0
DA:559,0
DA:560,0
DA:563,0
DA:565,0
DA:566,0
DA:570,0
DA:571,0
DA:572,0
DA:576,0
DA:580,0
DA:581,0
DA:582,0
DA:586,0
DA:590,0
DA:591,0
DA:594,0
DA:595,0
DA:598,0
DA:599,0
DA:603,0
DA:604,0
DA:606,0
DA:607,0
DA:610,0
DA:611,0
DA:614,0
DA:615,0
DA:619,0
DA:620,0
DA:624,0
DA:668,0
DA:669,0
DA:673,0
DA:675,0
DA:678,0
DA:682,0
DA:684,0
DA:690,0
DA:695,0
DA:696,0
DA:697,0
DA:702,0
DA:703,0
DA:704,0
DA:709,0
DA:710,0
DA:714,0
DA:715,0
DA:744,0
DA:757,0
DA:767,0
DA:789,0
DA:816,0
DA:853,0
DA:854,0
DA:1090,0
DA:1254,0
DA:1374,0
DA:1480,0
DA:1489,0
LF:230
LH:0
BRDA:47,0,0,0
BRDA:47,1,0,0
BRDA:64,2,0,0
BRDA:64,2,1,0
BRDA:74,3,0,0
BRDA:74,3,1,0
BRDA:75,4,0,0
BRDA:75,4,1,0
BRDA:76,5,0,0
BRDA:76,5,1,0
BRDA:77,6,0,0
BRDA:77,6,1,0
BRDA:78,7,0,0
BRDA:78,7,1,0
BRDA:79,8,0,0
BRDA:79,8,1,0
BRDA:80,9,0,0
BRDA:80,9,1,0
BRDA:81,10,0,0
BRDA:81,10,1,0
BRDA:83,11,0,0
BRDA:83,11,1,0
BRDA:84,12,0,0
BRDA:84,12,1,0
BRDA:85,13,0,0
BRDA:85,13,1,0
BRDA:86,14,0,0
BRDA:86,14,1,0
BRDA:91,15,0,0
BRDA:91,15,1,0
BRDA:91,16,0,0
BRDA:91,16,1,0
BRDA:96,17,0,0
BRDA:96,17,1,0
BRDA:135,18,0,0
BRDA:135,18,1,0
BRDA:135,19,0,0
BRDA:135,19,1,0
BRDA:135,19,2,0
BRDA:138,20,0,0
BRDA:138,20,1,0
BRDA:141,21,0,0
BRDA:141,21,1,0
BRDA:141,22,0,0
BRDA:141,22,1,0
BRDA:144,23,0,0
BRDA:144,23,1,0
BRDA:146,24,0,0
BRDA:146,24,1,0
BRDA:156,25,0,0
BRDA:156,25,1,0
BRDA:156,26,0,0
BRDA:156,26,1,0
BRDA:163,27,0,0
BRDA:163,27,1,0
BRDA:163,27,2,0
BRDA:165,28,0,0
BRDA:165,28,1,0
BRDA:165,28,2,0
BRDA:167,29,0,0
BRDA:167,29,1,0
BRDA:167,29,2,0
BRDA:169,30,0,0
BRDA:169,30,1,0
BRDA:169,30,2,0
BRDA:170,31,0,0
BRDA:170,31,1,0
BRDA:171,32,0,0
BRDA:171,32,1,0
BRDA:171,32,2,0
BRDA:172,33,0,0
BRDA:172,33,1,0
BRDA:173,34,0,0
BRDA:173,34,1,0
BRDA:175,35,0,0
BRDA:175,35,1,0
BRDA:175,35,2,0
BRDA:179,36,0,0
BRDA:179,36,1,0
BRDA:179,36,2,0
BRDA:183,37,0,0
BRDA:183,37,1,0
BRDA:187,38,0,0
BRDA:187,38,1,0
BRDA:201,39,0,0
BRDA:201,39,1,0
BRDA:203,40,0,0
BRDA:203,40,1,0
BRDA:207,41,0,0
BRDA:207,41,1,0
BRDA:207,42,0,0
BRDA:207,42,1,0
BRDA:209,43,0,0
BRDA:209,43,1,0
BRDA:239,44,0,0
BRDA:239,44,1,0
BRDA:241,45,0,0
BRDA:241,45,1,0
BRDA:263,46,0,0
BRDA:263,46,1,0
BRDA:271,47,0,0
BRDA:271,47,1,0
BRDA:271,48,0,0
BRDA:271,48,1,0
BRDA:283,49,0,0
BRDA:283,49,1,0
BRDA:284,50,0,0
BRDA:284,50,1,0
BRDA:284,50,2,0
BRDA:284,50,3,0
BRDA:284,50,4,0
BRDA:291,51,0,0
BRDA:291,51,1,0
BRDA:304,52,0,0
BRDA:304,52,1,0
BRDA:307,53,0,0
BRDA:307,53,1,0
BRDA:308,54,0,0
BRDA:308,54,1,0
BRDA:308,54,2,0
BRDA:315,55,0,0
BRDA:315,55,1,0
BRDA:315,55,2,0
BRDA:315,55,3,0
BRDA:316,56,0,0
BRDA:316,56,1,0
BRDA:327,57,0,0
BRDA:327,57,1,0
BRDA:346,58,0,0
BRDA:346,58,1,0
BRDA:366,59,0,0
BRDA:366,59,1,0
BRDA:405,60,0,0
BRDA:405,60,1,0
BRDA:405,61,0,0
BRDA:405,61,1,0
BRDA:419,62,0,0
BRDA:419,62,1,0
BRDA:422,63,0,0
BRDA:422,63,1,0
BRDA:437,64,0,0
BRDA:437,64,1,0
BRDA:437,65,0,0
BRDA:437,65,1,0
BRDA:444,66,0,0
BRDA:444,66,1,0
BRDA:453,67,0,0
BRDA:453,67,1,0
BRDA:464,68,0,0
BRDA:464,68,1,0
BRDA:465,69,0,0
BRDA:465,69,1,0
BRDA:480,70,0,0
BRDA:480,70,1,0
BRDA:481,71,0,0
BRDA:481,71,1,0
BRDA:486,72,0,0
BRDA:486,72,1,0
BRDA:486,73,0,0
BRDA:486,73,1,0
BRDA:515,74,0,0
BRDA:515,74,1,0
BRDA:534,75,0,0
BRDA:534,75,1,0
BRDA:534,76,0,0
BRDA:534,76,1,0
BRDA:552,77,0,0
BRDA:552,77,1,0
BRDA:556,78,0,0
BRDA:556,78,1,0
BRDA:565,79,0,0
BRDA:565,79,1,0
BRDA:570,80,0,0
BRDA:570,80,1,0
BRDA:572,81,0,0
BRDA:572,81,1,0
BRDA:573,82,0,0
BRDA:573,82,1,0
BRDA:580,83,0,0
BRDA:580,83,1,0
BRDA:582,84,0,0
BRDA:582,84,1,0
BRDA:583,85,0,0
BRDA:583,85,1,0
BRDA:590,86,0,0
BRDA:590,86,1,0
BRDA:594,87,0,0
BRDA:594,87,1,0
BRDA:606,88,0,0
BRDA:606,88,1,0
BRDA:614,89,0,0
BRDA:614,89,1,0
BRDA:614,90,0,0
BRDA:614,90,1,0
BRDA:656,91,0,0
BRDA:656,91,1,0
BRDA:656,92,0,0
BRDA:656,92,1,0
BRDA:668,93,0,0
BRDA:668,93,1,0
BRDA:668,94,0,0
BRDA:668,94,1,0
BRDA:673,95,0,0
BRDA:673,95,1,0
BRDA:673,96,0,0
BRDA:673,96,1,0
BRDA:685,97,0,0
BRDA:685,97,1,0
BRDA:685,97,2,0
BRDA:687,98,0,0
BRDA:687,98,1,0
BRDA:696,99,0,0
BRDA:696,99,1,0
BRDA:703,100,0,0
BRDA:703,100,1,0
BRDA:768,101,0,0
BRDA:768,101,1,0
BRDA:798,102,0,0
BRDA:798,102,1,0
BRDA:798,102,2,0
BRDA:806,103,0,0
BRDA:806,103,1,0
BRDA:811,104,0,0
BRDA:811,104,1,0
BRDA:824,105,0,0
BRDA:824,105,1,0
BRDA:856,106,0,0
BRDA:856,106,1,0
BRDA:889,107,0,0
BRDA:889,107,1,0
BRDA:894,108,0,0
BRDA:894,108,1,0
BRDA:919,109,0,0
BRDA:919,109,1,0
BRDA:974,110,0,0
BRDA:974,110,1,0
BRDA:1007,111,0,0
BRDA:1007,111,1,0
BRDA:1012,112,0,0
BRDA:1012,112,1,0
BRDA:1045,113,0,0
BRDA:1045,113,1,0
BRDA:1047,114,0,0
BRDA:1047,114,1,0
BRDA:1072,115,0,0
BRDA:1072,115,1,0
BRDA:1076,116,0,0
BRDA:1076,116,1,0
BRDA:1085,117,0,0
BRDA:1085,117,1,0
BRDA:1103,118,0,0
BRDA:1103,118,1,0
BRDA:1122,119,0,0
BRDA:1122,119,1,0
BRDA:1164,120,0,0
BRDA:1164,120,1,0
BRDA:1196,121,0,0
BRDA:1196,121,1,0
BRDA:1201,122,0,0
BRDA:1201,122,1,0
BRDA:1219,123,0,0
BRDA:1219,123,1,0
BRDA:1224,124,0,0
BRDA:1224,124,1,0
BRDA:1246,125,0,0
BRDA:1246,125,1,0
BRDA:1252,126,0,0
BRDA:1252,126,1,0
BRDA:1252,127,0,0
BRDA:1252,127,1,0
BRDA:1264,128,0,0
BRDA:1264,128,1,0
BRDA:1276,129,0,0
BRDA:1276,129,1,0
BRDA:1350,130,0,0
BRDA:1350,130,1,0
BRDA:1359,131,0,0
BRDA:1359,131,1,0
BRDA:1359,131,2,0
BRDA:1359,131,3,0
BRDA:1386,132,0,0
BRDA:1386,132,1,0
BRDA:1386,132,2,0
BRDA:1386,132,3,0
BRDA:1414,133,0,0
BRDA:1414,133,1,0
BRDA:1414,133,2,0
BRDA:1445,134,0,0
BRDA:1445,134,1,0
BRDA:1447,135,0,0
BRDA:1447,135,1,0
BRDA:1470,136,0,0
BRDA:1470,136,1,0
BRDA:1491,137,0,0
BRDA:1491,137,1,0
BRF:295
BRH:0
end_of_record
TN:
SF:src/components/forms/PlaceAutocomplete.jsx
FN:6,(anonymous_0)
FN:24,(anonymous_1)
FN:25,(anonymous_2)
FN:37,(anonymous_3)
FN:43,(anonymous_4)
FN:44,(anonymous_5)
FN:61,(anonymous_6)
FN:65,(anonymous_7)
FN:68,(anonymous_8)
FN:74,(anonymous_9)
FN:126,(anonymous_10)
FN:171,(anonymous_11)
FN:175,(anonymous_12)
FNF:13
FNH:0
FNDA:0,(anonymous_0)
FNDA:0,(anonymous_1)
FNDA:0,(anonymous_2)
FNDA:0,(anonymous_3)
FNDA:0,(anonymous_4)
FNDA:0,(anonymous_5)
FNDA:0,(anonymous_6)
FNDA:0,(anonymous_7)
FNDA:0,(anonymous_8)
FNDA:0,(anonymous_9)
FNDA:0,(anonymous_10)
FNDA:0,(anonymous_11)
FNDA:0,(anonymous_12)
DA:6,0
DA:16,0
DA:17,0
DA:18,0
DA:19,0
DA:20,0
DA:21,0
DA:24,0
DA:25,0
DA:26,0
DA:32,0
DA:36,0
DA:37,0
DA:38,0
DA:43,0
DA:44,0
DA:45,0
DA:46,0
DA:47,0
DA:50,0
DA:51,0
DA:52,0
DA:53,0
DA:55,0
DA:57,0
DA:61,0
DA:62,0
DA:65,0
DA:68,0
DA:69,0
DA:70,0
DA:71,0
DA:74,0
DA:75,0
DA:76,0
DA:77,0
DA:82,0
DA:83,0
DA:87,0
DA:97,0
DA:110,0
DA:126,0
DA:172,0
DA:175,0
LF:44
LH:0
BRDA:12,0,0,0
BRDA:13,1,0,0
BRDA:14,2,0,0
BRDA:16,3,0,0
BRDA:16,3,1,0
BRDA:26,4,0,0
BRDA:26,4,1,0
BRDA:27,5,0,0
BRDA:27,5,1,0
BRDA:27,5,2,0
BRDA:27,5,3,0
BRDA:45,6,0,0
BRDA:45,6,1,0
BRDA:45,7,0,0
BRDA:45,7,1,0
BRDA:53,8,0,0
BRDA:53,8,1,0
BRDA:71,9,0,0
BRDA:71,9,1,0
BRDA:76,10,0,0
BRDA:76,10,1,0
BRDA:77,11,0,0
BRDA:77,11,1,0
BRDA:113,12,0,0
BRDA:113,12,1,0
BRDA:127,13,0,0
BRDA:127,13,1,0
BRDA:130,14,0,0
BRDA:130,14,1,0
BRDA:132,15,0,0
BRDA:132,15,1,0
BRDA:136,16,0,0
BRDA:136,16,1,0
BRDA:142,17,0,0
BRDA:142,17,1,0
BRDA:150,18,0,0
BRDA:150,18,1,0
BRDA:162,19,0,0
BRDA:162,19,1,0
BRDA:162,19,2,0
BRF:40
BRH:0
end_of_record
TN:
SF:src/components/layout/AdminLayout.jsx
FN:30,(anonymous_0)
FN:43,(anonymous_1)
FN:44,(anonymous_2)
FN:56,(anonymous_3)
FN:61,(anonymous_4)
FN:66,(anonymous_5)
FN:70,(anonymous_6)
FN:71,(anonymous_7)
FN:82,(anonymous_8)
FN:233,(anonymous_9)
FN:236,(anonymous_10)
FN:242,(anonymous_11)
FN:377,(anonymous_12)
FN:389,(anonymous_13)
FN:430,(anonymous_14)
FN:531,(anonymous_15)
FN:535,(anonymous_16)
FN:540,(anonymous_17)
FN:543,(anonymous_18)
FN:547,(anonymous_19)
FNF:20
FNH:0
FNDA:0,(anonymous_0)
FNDA:0,(anonymous_1)
FNDA:0,(anonymous_2)
FNDA:0,(anonymous_3)
FNDA:0,(anonymous_4)
FNDA:0,(anonymous_5)
FNDA:0,(anonymous_6)
FNDA:0,(anonymous_7)
FNDA:0,(anonymous_8)
FNDA:0,(anonymous_9)
FNDA:0,(anonymous_10)
FNDA:0,(anonymous_11)
FNDA:0,(anonymous_12)
FNDA:0,(anonymous_13)
FNDA:0,(anonymous_14)
FNDA:0,(anonymous_15)
FNDA:0,(anonymous_16)
FNDA:0,(anonymous_17)
FNDA:0,(anonymous_18)
FNDA:0,(anonymous_19)
DA:30,0
DA:31,0
DA:32,0
DA:33,0
DA:34,0
DA:35,0
DA:40,0
DA:43,0
DA:44,0
DA:45,0
DA:46,0
DA:47,0
DA:49,0
DA:53,0
DA:54,0
DA:56,0
DA:57,0
DA:61,0
DA:62,0
DA:63,0
DA:66,0
DA:67,0
DA:70,0
DA:71,0
DA:73,0
DA:74,0
DA:81,0
DA:82,0
DA:83,0
DA:86,0
DA:90,0
DA:233,0
DA:234,0
DA:235,0
DA:236,0
DA:239,0
DA:242,0
DA:243,0
DA:247,0
DA:270,0
DA:280,0
DA:303,0
DA:320,0
DA:378,0
DA:389,0
DA:431,0
DA:532,0
DA:535,0
DA:541,0
DA:543,0
DA:547,0
LF:51
LH:0
BRDA:46,0,0,0
BRDA:46,0,1,0
BRDA:73,1,0,0
BRDA:73,1,1,0
BRDA:234,2,0,0
BRDA:234,2,1,0
BRDA:250,3,0,0
BRDA:250,3,1,0
BRDA:259,4,0,0
BRDA:259,4,1,0
BRDA:260,5,0,0
BRDA:260,5,1,0
BRDA:324,6,0,0
BRDA:324,6,1,0
BRDA:324,6,2,0
BRDA:339,7,0,0
BRDA:339,7,1,0
BRDA:340,8,0,0
BRDA:340,8,1,0
BRDA:340,9,0,0
BRDA:340,9,1,0
BRDA:354,10,0,0
BRDA:354,10,1,0
BRDA:354,10,2,0
BRDA:358,11,0,0
BRDA:358,11,1,0
BRDA:379,12,0,0
BRDA:379,12,1,0
BRDA:384,13,0,0
BRDA:384,13,1,0
BRDA:389,14,0,0
BRDA:389,14,1,0
BRDA:389,15,0,0
BRDA:389,15,1,0
BRDA:390,16,0,0
BRDA:390,16,1,0
BRDA:390,17,0,0
BRDA:390,17,1,0
BRDA:392,18,0,0
BRDA:392,18,1,0
BRDA:392,19,0,0
BRDA:392,19,1,0
BRDA:399,20,0,0
BRDA:399,20,1,0
BRDA:399,21,0,0
BRDA:399,21,1,0
BRDA:402,22,0,0
BRDA:402,22,1,0
BRDA:402,22,2,0
BRDA:406,23,0,0
BRDA:406,23,1,0
BRDA:406,23,2,0
BRDA:409,24,0,0
BRDA:409,24,1,0
BRDA:421,25,0,0
BRDA:421,25,1,0
BRDA:421,25,2,0
BRDA:421,25,3,0
BRDA:440,26,0,0
BRDA:440,26,1,0
BRDA:464,27,0,0
BRDA:464,27,1,0
BRDA:464,28,0,0
BRDA:464,28,1,0
BRDA:466,29,0,0
BRDA:466,29,1,0
BRDA:471,30,0,0
BRDA:471,30,1,0
BRDA:471,31,0,0
BRDA:471,31,1,0
BRDA:472,32,0,0
BRDA:472,32,1,0
BRDA:472,32,2,0
BRDA:494,33,0,0
BRDA:494,33,1,0
BRDA:494,34,0,0
BRDA:494,34,1,0
BRDA:495,35,0,0
BRDA:495,35,1,0
BRDA:495,35,2,0
BRDA:504,36,0,0
BRDA:504,36,1,0
BRDA:519,37,0,0
BRDA:519,37,1,0
BRDA:521,38,0,0
BRDA:521,38,1,0
BRDA:530,39,0,0
BRDA:530,39,1,0
BRDA:530,39,2,0
BRDA:532,40,0,0
BRDA:532,40,1,0
BRDA:532,40,2,0
BRDA:541,41,0,0
BRDA:541,41,1,0
BRDA:556,42,0,0
BRDA:556,42,1,0
BRDA:569,43,0,0
BRDA:569,43,1,0
BRF:98
BRH:0
end_of_record
TN:
SF:src/components/layout/Footer.jsx
FN:18,(anonymous_0)
FN:28,(anonymous_1)
FN:29,(anonymous_2)
FN:81,(anonymous_3)
FN:82,(anonymous_4)
FN:94,(anonymous_5)
FN:95,(anonymous_6)
FN:173,(anonymous_7)
FN:174,(anonymous_8)
FN:184,(anonymous_9)
FN:185,(anonymous_10)
FN:195,(anonymous_11)
FN:196,(anonymous_12)
FNF:13
FNH:0
FNDA:0,(anonymous_0)
FNDA:0,(anonymous_1)
FNDA:0,(anonymous_2)
FNDA:0,(anonymous_3)
FNDA:0,(anonymous_4)
FNDA:0,(anonymous_5)
FNDA:0,(anonymous_6)
FNDA:0,(anonymous_7)
FNDA:0,(anonymous_8)
FNDA:0,(anonymous_9)
FNDA:0,(anonymous_10)
FNDA:0,(anonymous_11)
FNDA:0,(anonymous_12)
DA:18,0
DA:19,0
DA:29,0
DA:30,0
DA:82,0
DA:83,0
DA:95,0
DA:96,0
DA:174,0
DA:175,0
DA:185,0
DA:186,0
DA:196,0
DA:197,0
LF:14
LH:0
BRF:0
BRH:0
end_of_record
TN:
SF:src/components/layout/Layout.jsx
FN:6,(anonymous_0)
FNF:1
FNH:0
FNDA:0,(anonymous_0)
DA:6,0
DA:7,0
DA:10,0
DA:11,0
DA:19,0
LF:5
LH:0
BRDA:10,0,0,0
BRDA:10,0,1,0
BRF:2
BRH:0
end_of_record
TN:
SF:src/components/layout/ReportsLayout.jsx
FN:13,(anonymous_0)
FNF:1
FNH:0
FNDA:0,(anonymous_0)
DA:13,0
DA:14,0
DA:15,0
DA:16,0
DA:18,0
DA:25,0
DA:27,0
LF:7
LH:0
BRDA:49,0,0,0
BRDA:49,0,1,0
BRF:2
BRH:0
end_of_record
TN:
SF:src/components/layout/SalesRepLayout.jsx
FN:17,(anonymous_0)
FN:25,(anonymous_1)
FN:26,(anonymous_2)
FN:38,(anonymous_3)
FN:43,(anonymous_4)
FN:48,(anonymous_5)
FN:182,(anonymous_6)
FN:266,(anonymous_7)
FNF:8
FNH:0
FNDA:0,(anonymous_0)
FNDA:0,(anonymous_1)
FNDA:0,(anonymous_2)
FNDA:0,(anonymous_3)
FNDA:0,(anonymous_4)
FNDA:0,(anonymous_5)
FNDA:0,(anonymous_6)
FNDA:0,(anonymous_7)
DA:17,0
DA:18,0
DA:19,0
DA:20,0
DA:21,0
DA:22,0
DA:25,0
DA:26,0
DA:27,0
DA:28,0
DA:29,0
DA:31,0
DA:35,0
DA:36,0
DA:38,0
DA:39,0
DA:43,0
DA:44,0
DA:45,0
DA:48,0
DA:49,0
DA:52,0
DA:73,0
DA:94,0
DA:104,0
DA:183,0
DA:267,0
LF:27
LH:0
BRDA:28,0,0,0
BRDA:28,0,1,0
BRDA:84,1,0,0
BRDA:84,1,1,0
BRDA:85,2,0,0
BRDA:85,2,1,0
BRDA:108,3,0,0
BRDA:108,3,1,0
BRDA:108,3,2,0
BRDA:123,4,0,0
BRDA:123,4,1,0
BRDA:142,5,0,0
BRDA:142,5,1,0
BRDA:162,6,0,0
BRDA:162,6,1,0
BRDA:166,7,0,0
BRDA:166,7,1,0
BRDA:169,8,0,0
BRDA:169,8,1,0
BRDA:196,9,0,0
BRDA:196,9,1,0
BRDA:196,10,0,0
BRDA:196,10,1,0
BRDA:204,11,0,0
BRDA:204,11,1,0
BRDA:204,12,0,0
BRDA:204,12,1,0
BRDA:265,13,0,0
BRDA:265,13,1,0
BRDA:267,14,0,0
BRDA:267,14,1,0
BRDA:285,15,0,0
BRDA:285,15,1,0
BRF:33
BRH:0
end_of_record
TN:
SF:src/components/reports/ReportsNav.jsx
FN:16,(anonymous_0)
FN:102,(anonymous_1)
FNF:2
FNH:0
FNDA:0,(anonymous_0)
FNDA:0,(anonymous_1)
DA:16,0
DA:17,0
DA:18,0
DA:20,0
DA:100,0
DA:103,0
LF:6
LH:0
BRF:0
BRH:0
end_of_record
TN:
SF:src/components/ui/Alert.jsx
FN:40,(anonymous_0)
FNF:1
FNH:0
FNDA:0,(anonymous_0)
DA:9,0
DA:40,0
DA:47,0
DA:48,0
DA:50,0
LF:5
LH:0
BRDA:43,0,0,0
BRDA:44,1,0,0
BRDA:47,2,0,0
BRDA:47,2,1,0
BRDA:63,3,0,0
BRDA:63,3,1,0
BRDA:66,4,0,0
BRDA:66,4,1,0
BRF:8
BRH:0
end_of_record
TN:
SF:src/components/ui/Button.jsx
FN:5,(anonymous_0)
FNF:1
FNH:0
FNDA:0,(anonymous_0)
DA:5,0
DA:20,0
DA:22,0
DA:23,0
DA:25,0
DA:27,0
DA:29,0
DA:31,0
DA:33,0
DA:35,0
DA:37,0
DA:39,0
DA:41,0
DA:43,0
DA:45,0
DA:47,0
DA:49,0
DA:53,0
DA:54,0
DA:56,0
DA:57,0
DA:59,0
DA:60,0
DA:62,0
DA:63,0
DA:65,0
DA:66,0
DA:68,0
DA:69,0
DA:71,0
DA:75,0
DA:78,0
DA:81,0
DA:116,0
DA:117,0
DA:127,0
LF:36
LH:0
BRDA:7,0,0,0
BRDA:8,1,0,0
BRDA:9,2,0,0
BRDA:11,3,0,0
BRDA:12,4,0,0
BRDA:14,5,0,0
BRDA:23,6,0,0
BRDA:23,6,1,0
BRDA:23,6,2,0
BRDA:23,6,3,0
BRDA:23,6,4,0
BRDA:23,6,5,0
BRDA:23,6,6,0
BRDA:54,7,0,0
BRDA:54,7,1,0
BRDA:54,7,2,0
BRDA:54,7,3,0
BRDA:54,7,4,0
BRDA:54,7,5,0
BRDA:75,8,0,0
BRDA:75,8,1,0
BRDA:75,9,0,0
BRDA:75,9,1,0
BRDA:82,10,0,0
BRDA:82,10,1,0
BRDA:108,11,0,0
BRDA:108,11,1,0
BRDA:116,12,0,0
BRDA:116,12,1,0
BRDA:132,13,0,0
BRDA:132,13,1,0
BRDA:133,14,0,0
BRDA:133,14,1,0
BRDA:133,15,0,0
BRDA:133,15,1,0
BRDA:134,16,0,0
BRDA:134,16,1,0
BRDA:134,17,0,0
BRDA:134,17,1,0
BRF:39
BRH:0
end_of_record
TN:
SF:src/components/ui/Card.jsx
FN:4,(anonymous_0)
FNF:1
FNH:0
FNDA:0,(anonymous_0)
DA:4,0
DA:13,0
DA:28,0
DA:29,0
DA:41,0
LF:5
LH:0
BRDA:7,0,0,0
BRDA:9,1,0,0
BRDA:10,2,0,0
BRDA:16,3,0,0
BRDA:16,3,1,0
BRDA:19,4,0,0
BRDA:19,4,1,0
BRDA:24,5,0,0
BRDA:24,5,1,0
BRDA:28,6,0,0
BRDA:28,6,1,0
BRF:11
BRH:0
end_of_record
TN:
SF:src/components/ui/GoogleMapComponent.jsx
FN:42,(anonymous_0)
FN:67,(anonymous_1)
FN:69,(anonymous_2)
FN:93,(anonymous_3)
FN:105,(anonymous_4)
FN:110,(anonymous_5)
FN:124,(anonymous_6)
FN:136,(anonymous_7)
FN:141,(anonymous_8)
FN:151,(anonymous_9)
FN:176,(anonymous_10)
FN:185,(anonymous_11)
FN:186,(anonymous_12)
FN:202,(anonymous_13)
FN:247,(anonymous_14)
FN:281,(anonymous_15)
FN:286,(anonymous_16)
FN:302,(anonymous_17)
FN:334,(anonymous_18)
FN:342,(anonymous_19)
FN:343,(anonymous_20)
FN:367,(anonymous_21)
FN:378,(anonymous_22)
FN:386,(anonymous_23)
FN:394,(anonymous_24)
FN:419,(anonymous_25)
FN:427,(anonymous_26)
FN:467,(anonymous_27)
FN:478,(anonymous_28)
FN:482,(anonymous_29)
FN:508,(anonymous_30)
FN:539,(anonymous_31)
FN:568,(anonymous_32)
FN:619,(anonymous_33)
FN:639,(anonymous_34)
FN:652,(anonymous_35)
FN:666,(anonymous_36)
FN:697,(anonymous_37)
FN:711,(anonymous_38)
FN:733,(anonymous_39)
FN:752,(anonymous_40)
FN:769,(anonymous_41)
FN:796,(anonymous_42)
FNF:43
FNH:0
FNDA:0,(anonymous_0)
FNDA:0,(anonymous_1)
FNDA:0,(anonymous_2)
FNDA:0,(anonymous_3)
FNDA:0,(anonymous_4)
FNDA:0,(anonymous_5)
FNDA:0,(anonymous_6)
FNDA:0,(anonymous_7)
FNDA:0,(anonymous_8)
FNDA:0,(anonymous_9)
FNDA:0,(anonymous_10)
FNDA:0,(anonymous_11)
FNDA:0,(anonymous_12)
FNDA:0,(anonymous_13)
FNDA:0,(anonymous_14)
FNDA:0,(anonymous_15)
FNDA:0,(anonymous_16)
FNDA:0,(anonymous_17)
FNDA:0,(anonymous_18)
FNDA:0,(anonymous_19)
FNDA:0,(anonymous_20)
FNDA:0,(anonymous_21)
FNDA:0,(anonymous_22)
FNDA:0,(anonymous_23)
FNDA:0,(anonymous_24)
FNDA:0,(anonymous_25)
FNDA:0,(anonymous_26)
FNDA:0,(anonymous_27)
FNDA:0,(anonymous_28)
FNDA:0,(anonymous_29)
FNDA:0,(anonymous_30)
FNDA:0,(anonymous_31)
FNDA:0,(anonymous_32)
FNDA:0,(anonymous_33)
FNDA:0,(anonymous_34)
FNDA:0,(anonymous_35)
FNDA:0,(anonymous_36)
FNDA:0,(anonymous_37)
FNDA:0,(anonymous_38)
FNDA:0,(anonymous_39)
FNDA:0,(anonymous_40)
FNDA:0,(anonymous_41)
FNDA:0,(anonymous_42)
DA:12,0
DA:19,0
DA:25,0
DA:28,0
DA:31,0
DA:42,0
DA:48,0
DA:49,0
DA:50,0
DA:51,0
DA:52,0
DA:53,0
DA:54,0
DA:55,0
DA:56,0
DA:57,0
DA:60,0
DA:67,0
DA:68,0
DA:70,0
DA:74,0
DA:78,0
DA:80,0
DA:82,0
DA:87,0
DA:93,0
DA:94,0
DA:95,0
DA:100,0
DA:104,0
DA:106,0
DA:110,0
DA:112,0
DA:114,0
DA:116,0
DA:117,0
DA:120,0
DA:121,0
DA:124,0
DA:125,0
DA:126,0
DA:130,0
DA:136,0
DA:137,0
DA:141,0
DA:142,0
DA:144,0
DA:145,0
DA:147,0
DA:148,0
DA:149,0
DA:151,0
DA:152,0
DA:153,0
DA:154,0
DA:156,0
DA:167,0
DA:175,0
DA:177,0
DA:179,0
DA:181,0
DA:182,0
DA:184,0
DA:185,0
DA:186,0
DA:191,0
DA:203,0
DA:205,0
DA:206,0
DA:207,0
DA:208,0
DA:213,0
DA:214,0
DA:218,0
DA:221,0
DA:222,0
DA:223,0
DA:230,0
DA:231,0
DA:234,0
DA:235,0
DA:236,0
DA:237,0
DA:246,0
DA:248,0
DA:250,0
DA:253,0
DA:255,0
DA:256,0
DA:260,0
DA:263,0
DA:264,0
DA:267,0
DA:268,0
DA:269,0
DA:274,0
DA:281,0
DA:282,0
DA:286,0
DA:287,0
DA:288,0
DA:289,0
DA:290,0
DA:292,0
DA:293,0
DA:294,0
DA:299,0
DA:302,0
DA:304,0
DA:334,0
DA:335,0
DA:337,0
DA:338,0
DA:341,0
DA:342,0
DA:344,0
DA:347,0
DA:350,0
DA:351,0
DA:363,0
DA:367,0
DA:368,0
DA:369,0
DA:371,0
DA:372,0
DA:374,0
DA:378,0
DA:379,0
DA:380,0
DA:382,0
DA:386,0
DA:387,0
DA:389,0
DA:391,0
DA:395,0
DA:420,0
DA:428,0
DA:467,0
DA:468,0
DA:470,0
DA:472,0
DA:479,0
DA:483,0
DA:484,0
DA:485,0
DA:486,0
DA:508,0
DA:510,0
DA:516,0
DA:539,0
DA:547,0
DA:549,0
DA:551,0
DA:568,0
DA:577,0
DA:580,0
DA:583,0
DA:620,0
DA:640,0
DA:653,0
DA:667,0
DA:698,0
DA:712,0
DA:734,0
DA:753,0
DA:769,0
DA:796,0
LF:167
LH:0
BRDA:45,0,0,0
BRDA:46,1,0,0
BRDA:70,2,0,0
BRDA:70,2,1,0
BRDA:74,3,0,0
BRDA:74,3,1,0
BRDA:74,3,2,0
BRDA:80,4,0,0
BRDA:80,4,1,0
BRDA:83,5,0,0
BRDA:83,5,1,0
BRDA:94,6,0,0
BRDA:94,6,1,0
BRDA:94,7,0,0
BRDA:94,7,1,0
BRDA:106,8,0,0
BRDA:106,8,1,0
BRDA:107,9,0,0
BRDA:107,9,1,0
BRDA:107,9,2,0
BRDA:107,9,3,0
BRDA:116,10,0,0
BRDA:116,10,1,0
BRDA:120,11,0,0
BRDA:120,11,1,0
BRDA:125,12,0,0
BRDA:125,12,1,0
BRDA:142,13,0,0
BRDA:142,13,1,0
BRDA:142,14,0,0
BRDA:142,14,1,0
BRDA:142,14,2,0
BRDA:145,15,0,0
BRDA:145,15,1,0
BRDA:152,16,0,0
BRDA:152,16,1,0
BRDA:152,17,0,0
BRDA:152,17,1,0
BRDA:161,18,0,0
BRDA:161,18,1,0
BRDA:162,19,0,0
BRDA:162,19,1,0
BRDA:162,19,2,0
BRDA:177,20,0,0
BRDA:177,20,1,0
BRDA:177,21,0,0
BRDA:177,21,1,0
BRDA:185,22,0,0
BRDA:185,22,1,0
BRDA:205,23,0,0
BRDA:205,23,1,0
BRDA:213,24,0,0
BRDA:213,24,1,0
BRDA:213,25,0,0
BRDA:213,25,1,0
BRDA:222,26,0,0
BRDA:222,26,1,0
BRDA:222,27,0,0
BRDA:222,27,1,0
BRDA:234,28,0,0
BRDA:234,28,1,0
BRDA:234,29,0,0
BRDA:234,29,1,0
BRDA:236,30,0,0
BRDA:236,30,1,0
BRDA:236,31,0,0
BRDA:236,31,1,0
BRDA:253,32,0,0
BRDA:253,32,1,0
BRDA:253,33,0,0
BRDA:253,33,1,0
BRDA:263,34,0,0
BRDA:263,34,1,0
BRDA:263,35,0,0
BRDA:263,35,1,0
BRDA:268,36,0,0
BRDA:268,36,1,0
BRDA:268,37,0,0
BRDA:268,37,1,0
BRDA:292,38,0,0
BRDA:292,38,1,0
BRDA:292,39,0,0
BRDA:292,39,1,0
BRDA:299,40,0,0
BRDA:299,40,1,0
BRDA:300,41,0,0
BRDA:300,41,1,0
BRDA:300,41,2,0
BRDA:335,42,0,0
BRDA:335,42,1,0
BRDA:338,43,0,0
BRDA:338,43,1,0
BRDA:342,44,0,0
BRDA:342,44,1,0
BRDA:347,45,0,0
BRDA:347,45,1,0
BRDA:350,46,0,0
BRDA:350,46,1,0
BRDA:371,47,0,0
BRDA:371,47,1,0
BRDA:379,48,0,0
BRDA:379,48,1,0
BRDA:387,49,0,0
BRDA:387,49,1,0
BRDA:387,50,0,0
BRDA:387,50,1,0
BRDA:387,50,2,0
BRDA:414,51,0,0
BRDA:414,51,1,0
BRDA:423,52,0,0
BRDA:423,52,1,0
BRDA:423,53,0,0
BRDA:423,53,1,0
BRDA:441,54,0,0
BRDA:441,54,1,0
BRDA:444,55,0,0
BRDA:444,55,1,0
BRDA:449,56,0,0
BRDA:449,56,1,0
BRDA:468,57,0,0
BRDA:468,57,1,0
BRDA:468,58,0,0
BRDA:468,58,1,0
BRDA:483,59,0,0
BRDA:483,59,1,0
BRDA:483,60,0,0
BRDA:483,60,1,0
BRDA:510,61,0,0
BRDA:510,61,1,0
BRDA:511,62,0,0
BRDA:511,62,1,0
BRDA:511,62,2,0
BRDA:511,62,3,0
BRDA:511,62,4,0
BRDA:526,63,0,0
BRDA:526,63,1,0
BRDA:533,64,0,0
BRDA:533,64,1,0
BRDA:537,65,0,0
BRDA:537,65,1,0
BRDA:537,65,2,0
BRDA:547,66,0,0
BRDA:547,66,1,0
BRDA:547,67,0,0
BRDA:547,67,1,0
BRDA:547,67,2,0
BRDA:566,68,0,0
BRDA:566,68,1,0
BRDA:580,69,0,0
BRDA:580,69,1,0
BRDA:610,70,0,0
BRDA:610,70,1,0
BRDA:618,71,0,0
BRDA:618,71,1,0
BRDA:622,72,0,0
BRDA:622,72,1,0
BRDA:630,73,0,0
BRDA:630,73,1,0
BRDA:638,74,0,0
BRDA:638,74,1,0
BRDA:642,75,0,0
BRDA:642,75,1,0
BRDA:650,76,0,0
BRDA:650,76,1,0
BRDA:653,77,0,0
BRDA:653,77,1,0
BRDA:679,78,0,0
BRDA:679,78,1,0
BRDA:695,79,0,0
BRDA:695,79,1,0
BRDA:698,80,0,0
BRDA:698,80,1,0
BRDA:724,81,0,0
BRDA:724,81,1,0
BRDA:724,81,2,0
BRDA:732,82,0,0
BRDA:732,82,1,0
BRDA:736,83,0,0
BRDA:736,83,1,0
BRDA:743,84,0,0
BRDA:743,84,1,0
BRDA:743,84,2,0
BRDA:751,85,0,0
BRDA:751,85,1,0
BRDA:755,86,0,0
BRDA:755,86,1,0
BRDA:763,87,0,0
BRDA:763,87,1,0
BRDA:766,88,0,0
BRDA:766,88,1,0
BRDA:776,89,0,0
BRDA:776,89,1,0
BRDA:778,90,0,0
BRDA:778,90,1,0
BRDA:782,91,0,0
BRDA:782,91,1,0
BRDA:793,92,0,0
BRDA:793,92,1,0
BRDA:803,93,0,0
BRDA:803,93,1,0
BRDA:804,94,0,0
BRDA:804,94,1,0
BRDA:808,95,0,0
BRDA:808,95,1,0
BRDA:821,96,0,0
BRDA:821,96,1,0
BRDA:827,97,0,0
BRDA:827,97,1,0
BRDA:831,98,0,0
BRDA:831,98,1,0
BRDA:837,99,0,0
BRDA:837,99,1,0
BRDA:842,100,0,0
BRDA:842,100,1,0
BRF:214
BRH:0
end_of_record
TN:
SF:src/components/ui/MapView.jsx
FN:16,(anonymous_0)
FN:22,(anonymous_1)
FN:34,(anonymous_2)
FN:64,(anonymous_3)
FN:131,(anonymous_4)
FN:151,(anonymous_5)
FN:172,(anonymous_6)
FN:173,(anonymous_7)
FN:187,(anonymous_8)
FN:191,(anonymous_9)
FN:208,(anonymous_10)
FN:211,(anonymous_11)
FN:217,(anonymous_12)
FN:218,(anonymous_13)
FN:229,(anonymous_14)
FN:282,(anonymous_15)
FN:299,(anonymous_16)
FN:300,(anonymous_17)
FN:322,(anonymous_18)
FN:338,(anonymous_19)
FN:339,(anonymous_20)
FN:353,(anonymous_21)
FN:357,(anonymous_22)
FN:408,(anonymous_23)
FN:427,(anonymous_24)
FN:428,(anonymous_25)
FN:452,(anonymous_26)
FNF:27
FNH:0
FNDA:0,(anonymous_0)
FNDA:0,(anonymous_1)
FNDA:0,(anonymous_2)
FNDA:0,(anonymous_3)
FNDA:0,(anonymous_4)
FNDA:0,(anonymous_5)
FNDA:0,(anonymous_6)
FNDA:0,(anonymous_7)
FNDA:0,(anonymous_8)
FNDA:0,(anonymous_9)
FNDA:0,(anonymous_10)
FNDA:0,(anonymous_11)
FNDA:0,(anonymous_12)
FNDA:0,(anonymous_13)
FNDA:0,(anonymous_14)
FNDA:0,(anonymous_15)
FNDA:0,(anonymous_16)
FNDA:0,(anonymous_17)
FNDA:0,(anonymous_18)
FNDA:0,(anonymous_19)
FNDA:0,(anonymous_20)
FNDA:0,(anonymous_21)
FNDA:0,(anonymous_22)
FNDA:0,(anonymous_23)
FNDA:0,(anonymous_24)
FNDA:0,(anonymous_25)
FNDA:0,(anonymous_26)
DA:6,0
DA:7,0
DA:10,0
DA:16,0
DA:25,0
DA:26,0
DA:27,0
DA:28,0
DA:29,0
DA:30,0
DA:31,0
DA:34,0
DA:40,0
DA:41,0
DA:44,0
DA:46,0
DA:51,0
DA:52,0
DA:53,0
DA:57,0
DA:58,0
DA:64,0
DA:65,0
DA:66,0
DA:75,0
DA:78,0
DA:79,0
DA:80,0
DA:81,0
DA:82,0
DA:86,0
DA:87,0
DA:91,0
DA:92,0
DA:97,0
DA:98,0
DA:101,0
DA:102,0
DA:103,0
DA:104,0
DA:106,0
DA:113,0
DA:116,0
DA:117,0
DA:123,0
DA:124,0
DA:131,0
DA:132,0
DA:133,0
DA:142,0
DA:146,0
DA:151,0
DA:153,0
DA:154,0
DA:155,0
DA:159,0
DA:160,0
DA:167,0
DA:172,0
DA:176,0
DA:182,0
DA:188,0
DA:189,0
DA:192,0
DA:193,0
DA:202,0
DA:203,0
DA:208,0
DA:209,0
DA:211,0
DA:212,0
DA:213,0
DA:216,0
DA:217,0
DA:218,0
DA:227,0
DA:229,0
DA:231,0
DA:233,0
DA:238,0
DA:246,0
DA:247,0
DA:250,0
DA:251,0
DA:252,0
DA:254,0
DA:259,0
DA:263,0
DA:266,0
DA:272,0
DA:276,0
DA:282,0
DA:283,0
DA:292,0
DA:299,0
DA:302,0
DA:306,0
DA:311,0
DA:314,0
DA:317,0
DA:322,0
DA:324,0
DA:326,0
DA:333,0
DA:338,0
DA:342,0
DA:348,0
DA:354,0
DA:355,0
DA:358,0
DA:359,0
DA:368,0
DA:369,0
DA:374,0
DA:375,0
DA:376,0
DA:378,0
DA:383,0
DA:384,0
DA:387,0
DA:393,0
DA:394,0
DA:400,0
DA:401,0
DA:408,0
DA:409,0
DA:410,0
DA:420,0
DA:427,0
DA:430,0
DA:436,0
DA:441,0
DA:442,0
DA:452,0
DA:463,0
LF:135
LH:0
BRDA:19,0,0,0
BRDA:20,1,0,0
BRDA:21,2,0,0
BRDA:22,3,0,0
BRDA:23,4,0,0
BRDA:38,5,0,0
BRDA:40,6,0,0
BRDA:40,6,1,0
BRDA:41,7,0,0
BRDA:41,7,1,0
BRDA:44,8,0,0
BRDA:44,8,1,0
BRDA:52,9,0,0
BRDA:52,9,1,0
BRDA:57,10,0,0
BRDA:57,10,1,0
BRDA:65,11,0,0
BRDA:65,11,1,0
BRDA:80,12,0,0
BRDA:80,12,1,0
BRDA:80,13,0,0
BRDA:80,13,1,0
BRDA:101,14,0,0
BRDA:101,14,1,0
BRDA:101,15,0,0
BRDA:101,15,1,0
BRDA:116,16,0,0
BRDA:116,16,1,0
BRDA:123,17,0,0
BRDA:123,17,1,0
BRDA:132,18,0,0
BRDA:132,18,1,0
BRDA:153,19,0,0
BRDA:153,19,1,0
BRDA:153,20,0,0
BRDA:153,20,1,0
BRDA:209,21,0,0
BRDA:209,21,1,0
BRDA:209,22,0,0
BRDA:209,22,1,0
BRDA:217,23,0,0
BRDA:217,23,1,0
BRDA:221,24,0,0
BRDA:221,24,1,0
BRDA:227,25,0,0
BRDA:227,25,1,0
BRDA:227,25,2,0
BRDA:231,26,0,0
BRDA:231,26,1,0
BRDA:239,27,0,0
BRDA:239,27,1,0
BRDA:240,28,0,0
BRDA:240,28,1,0
BRDA:246,29,0,0
BRDA:246,29,1,0
BRDA:246,30,0,0
BRDA:246,30,1,0
BRDA:250,31,0,0
BRDA:250,31,1,0
BRDA:250,32,0,0
BRDA:250,32,1,0
BRDA:251,33,0,0
BRDA:251,33,1,0
BRDA:252,34,0,0
BRDA:252,34,1,0
BRDA:295,35,0,0
BRDA:295,35,1,0
BRDA:296,36,0,0
BRDA:296,36,1,0
BRDA:314,37,0,0
BRDA:314,37,1,0
BRDA:374,38,0,0
BRDA:374,38,1,0
BRDA:374,39,0,0
BRDA:374,39,1,0
BRDA:375,40,0,0
BRDA:375,40,1,0
BRDA:376,41,0,0
BRDA:376,41,1,0
BRDA:393,42,0,0
BRDA:393,42,1,0
BRDA:400,43,0,0
BRDA:400,43,1,0
BRDA:409,44,0,0
BRDA:409,44,1,0
BRDA:423,45,0,0
BRDA:423,45,1,0
BRDA:424,46,0,0
BRDA:424,46,1,0
BRDA:441,47,0,0
BRDA:441,47,1,0
BRDA:471,48,0,0
BRDA:471,48,1,0
BRF:93
BRH:0
end_of_record
TN:
SF:src/components/ui/Modal.jsx
FNF:0
FNH:0
LF:0
LH:0
BRF:0
BRH:0
end_of_record
TN:
SF:src/components/ui/Pagination.jsx
FN:5,(anonymous_0)
FN:14,(anonymous_1)
FN:45,(anonymous_2)
FN:61,(anonymous_3)
FN:75,(anonymous_4)
FN:85,(anonymous_5)
FN:104,(anonymous_6)
FNF:7
FNH:0
FNDA:0,(anonymous_0)
FNDA:0,(anonymous_1)
FNDA:0,(anonymous_2)
FNDA:0,(anonymous_3)
FNDA:0,(anonymous_4)
FNDA:0,(anonymous_5)
FNDA:0,(anonymous_6)
DA:5,0
DA:11,0
DA:14,0
DA:15,0
DA:16,0
DA:18,0
DA:19,0
DA:21,0
DA:22,0
DA:26,0
DA:27,0
DA:28,0
DA:32,0
DA:33,0
DA:37,0
DA:38,0
DA:39,0
DA:42,0
DA:45,0
DA:46,0
DA:47,0
DA:51,0
DA:53,0
DA:61,0
DA:76,0
DA:85,0
DA:105,0
LF:27
LH:0
BRDA:6,0,0,0
BRDA:7,1,0,0
BRDA:9,2,0,0
BRDA:11,3,0,0
BRDA:11,3,1,0
BRDA:21,4,0,0
BRDA:21,4,1,0
BRDA:26,5,0,0
BRDA:26,5,1,0
BRDA:28,6,0,0
BRDA:28,6,1,0
BRDA:37,7,0,0
BRDA:37,7,1,0
BRDA:38,8,0,0
BRDA:38,8,1,0
BRDA:46,9,0,0
BRDA:46,9,1,0
BRDA:46,10,0,0
BRDA:46,10,1,0
BRDA:61,11,0,0
BRDA:61,11,1,0
BRDA:64,12,0,0
BRDA:64,12,1,0
BRDA:77,13,0,0
BRDA:77,13,1,0
BRDA:87,14,0,0
BRDA:87,14,1,0
BRDA:91,15,0,0
BRDA:91,15,1,0
BRDA:105,16,0,0
BRDA:105,16,1,0
BRDA:109,17,0,0
BRDA:109,17,1,0
BRF:33
BRH:0
end_of_record
TN:
SF:src/components/ui/Stepper.jsx
FN:57,(anonymous_0)
FN:63,(anonymous_1)
FNF:2
FNH:0
FNDA:0,(anonymous_0)
FNDA:0,(anonymous_1)
DA:12,0
DA:57,0
DA:58,0
DA:64,0
LF:4
LH:0
BRDA:57,0,0,0
BRDA:76,1,0,0
BRDA:76,1,1,0
BRDA:78,2,0,0
BRDA:78,2,1,0
BRDA:84,3,0,0
BRDA:84,3,1,0
BRDA:92,4,0,0
BRDA:92,4,1,0
BRDA:93,5,0,0
BRDA:93,5,1,0
BRDA:96,6,0,0
BRDA:96,6,1,0
BRDA:101,7,0,0
BRDA:101,7,1,0
BRDA:122,8,0,0
BRDA:122,8,1,0
BRDA:131,9,0,0
BRDA:131,9,1,0
BRF:19
BRH:0
end_of_record
TN:
SF:src/config/config.js
FNF:0
FNH:0
LF:0
LH:0
BRF:0
BRH:0
end_of_record
TN:
SF:src/context/AuthContext.jsx
FN:16,(anonymous_0)
FN:25,(anonymous_1)
FN:26,(anonymous_2)
FN:53,(anonymous_3)
FN:54,(anonymous_4)
FN:64,(anonymous_5)
FN:70,(anonymous_6)
FN:99,(anonymous_7)
FN:118,(anonymous_8)
FN:143,(anonymous_9)
FNF:10
FNH:9
FNDA:54,(anonymous_0)
FNDA:21,(anonymous_1)
FNDA:21,(anonymous_2)
FNDA:15,(anonymous_3)
FNDA:9,(anonymous_4)
FNDA:15,(anonymous_5)
FNDA:5,(anonymous_6)
FNDA:1,(anonymous_7)
FNDA:0,(anonymous_8)
FNDA:154,(anonymous_9)
DA:13,2
DA:16,2
DA:17,54
DA:18,54
DA:19,54
DA:20,54
DA:21,54
DA:22,54
DA:25,54
DA:26,21
DA:27,21
DA:28,5
DA:29,5
DA:30,5
DA:31,2
DA:34,3
DA:35,3
DA:40,0
DA:41,0
DA:42,0
DA:43,0
DA:46,21
DA:49,21
DA:53,54
DA:54,15
DA:56,9
DA:57,9
DA:58,9
DA:59,9
DA:62,15
DA:64,15
DA:65,15
DA:70,54
DA:71,5
DA:72,5
DA:73,5
DA:74,5
DA:75,5
DA:76,5
DA:77,5
DA:78,5
DA:81,5
DA:82,1
DA:84,1
DA:87,2
DA:91,3
DA:92,3
DA:93,3
DA:94,3
DA:99,54
DA:100,1
DA:101,1
DA:102,1
DA:107,1
DA:108,1
DA:109,1
DA:110,1
DA:111,1
DA:112,1
DA:113,1
DA:118,54
DA:119,0
DA:122,54
DA:143,2
DA:144,154
DA:145,153
DA:146,2
DA:148,151
LF:68
LH:63
BRDA:18,0,0,54
BRDA:18,0,1,45
BRDA:27,1,0,5
BRDA:27,1,1,16
BRDA:30,2,0,2
BRDA:30,2,1,3
BRDA:81,3,0,1
BRDA:81,3,1,1
BRDA:91,4,0,3
BRDA:91,4,1,0
BRDA:91,4,2,0
BRDA:119,5,0,0
BRDA:119,5,1,0
BRDA:145,6,0,2
BRDA:145,6,1,151
BRF:15
BRH:11
end_of_record
TN:
SF:src/context/ErrorContext.jsx
FN:6,(anonymous_0)
FN:14,(anonymous_1)
FN:19,(anonymous_2)
FN:41,(anonymous_3)
FN:50,(anonymous_4)
FN:59,(anonymous_5)
FN:60,(anonymous_6)
FN:60,(anonymous_7)
FN:63,(anonymous_8)
FN:67,(anonymous_9)
FN:73,(anonymous_10)
FN:78,(anonymous_11)
FN:79,(anonymous_12)
FN:83,(anonymous_13)
FN:84,(anonymous_14)
FN:88,(anonymous_15)
FN:89,(anonymous_16)
FN:93,(anonymous_17)
FN:98,(anonymous_18)
FN:99,(anonymous_19)
FN:110,(anonymous_20)
FNF:21
FNH:2
FNDA:27,(anonymous_0)
FNDA:33,(anonymous_1)
FNDA:0,(anonymous_2)
FNDA:0,(anonymous_3)
FNDA:0,(anonymous_4)
FNDA:0,(anonymous_5)
FNDA:0,(anonymous_6)
FNDA:0,(anonymous_7)
FNDA:0,(anonymous_8)
FNDA:0,(anonymous_9)
FNDA:0,(anonymous_10)
FNDA:0,(anonymous_11)
FNDA:0,(anonymous_12)
FNDA:0,(anonymous_13)
FNDA:0,(anonymous_14)
FNDA:0,(anonymous_15)
FNDA:0,(anonymous_16)
FNDA:0,(anonymous_17)
FNDA:0,(anonymous_18)
FNDA:0,(anonymous_19)
FNDA:0,(anonymous_20)
DA:4,2
DA:6,2
DA:7,27
DA:8,26
DA:9,2
DA:11,24
DA:14,2
DA:15,33
DA:16,33
DA:19,33
DA:25,0
DA:27,0
DA:30,0
DA:33,0
DA:41,0
DA:44,0
DA:45,0
DA:49,0
DA:50,0
DA:51,0
DA:55,0
DA:59,33
DA:60,0
DA:63,0
DA:67,33
DA:68,0
DA:69,0
DA:73,33
DA:74,0
DA:78,33
DA:79,0
DA:83,33
DA:84,0
DA:88,33
DA:89,0
DA:93,33
DA:94,0
DA:98,33
DA:99,0
DA:100,0
DA:101,0
DA:103,0
DA:104,0
DA:110,33
DA:111,0
DA:112,0
DA:115,33
DA:135,33
LF:48
LH:21
BRDA:8,0,0,2
BRDA:8,0,1,24
BRDA:19,1,0,0
BRDA:21,2,0,0
BRDA:22,3,0,0
BRDA:23,4,0,0
BRDA:24,5,0,0
BRDA:44,6,0,0
BRDA:44,6,1,0
BRDA:49,7,0,0
BRDA:49,7,1,0
BRDA:49,8,0,0
BRDA:49,8,1,0
BRDA:63,9,0,0
BRDA:63,9,1,0
BRDA:94,10,0,0
BRDA:94,10,1,0
BRDA:98,11,0,0
BRDA:110,12,0,0
BRF:19
BRH:2
end_of_record
TN:
SF:src/context/SettingsContext.jsx
FN:14,(anonymous_0)
FN:23,(anonymous_1)
FN:32,(anonymous_2)
FN:58,(anonymous_3)
FN:85,(anonymous_4)
FN:89,(anonymous_5)
FN:100,(anonymous_6)
FN:102,(anonymous_7)
FN:106,(anonymous_8)
FNF:9
FNH:4
FNDA:0,(anonymous_0)
FNDA:15,(anonymous_1)
FNDA:9,(anonymous_2)
FNDA:0,(anonymous_3)
FNDA:9,(anonymous_4)
FNDA:9,(anonymous_5)
FNDA:0,(anonymous_6)
FNDA:0,(anonymous_7)
FNDA:0,(anonymous_8)
DA:11,1
DA:14,1
DA:15,0
DA:16,0
DA:17,0
DA:19,0
DA:23,1
DA:24,15
DA:25,15
DA:26,15
DA:27,15
DA:28,15
DA:29,15
DA:32,15
DA:34,9
DA:35,0
DA:39,9
DA:41,9
DA:42,9
DA:43,9
DA:45,9
DA:48,0
DA:51,0
DA:53,0
DA:55,0
DA:58,0
DA:59,0
DA:61,0
DA:64,0
DA:65,0
DA:70,0
DA:71,0
DA:74,0
DA:76,9
DA:78,6
DA:79,6
DA:85,15
DA:86,9
DA:87,9
DA:89,9
DA:90,9
DA:95,15
DA:100,0
DA:104,0
DA:106,0
DA:115,15
LF:46
LH:26
BRDA:16,0,0,0
BRDA:16,0,1,0
BRDA:32,1,0,0
BRDA:34,2,0,0
BRDA:34,2,1,9
BRDA:34,3,0,9
BRDA:34,3,1,0
BRDA:48,4,0,0
BRDA:48,4,1,0
BRDA:51,5,0,0
BRDA:51,5,1,0
BRDA:51,6,0,0
BRDA:51,6,1,0
BRDA:59,7,0,0
BRDA:59,7,1,0
BRDA:59,8,0,0
BRDA:59,8,1,0
BRDA:64,9,0,0
BRDA:64,9,1,0
BRDA:76,10,0,6
BRDA:76,10,1,3
BRF:21
BRH:4
end_of_record
TN:
SF:src/hooks/useApiCall.js
FN:8,(anonymous_0)
FN:23,(anonymous_1)
FN:62,(anonymous_2)
FN:85,(anonymous_3)
FN:103,(anonymous_4)
FN:106,(anonymous_5)
FN:136,(anonymous_6)
FN:146,(anonymous_7)
FN:158,(anonymous_8)
FN:159,(anonymous_9)
FN:174,(anonymous_10)
FN:186,(anonymous_11)
FN:193,(anonymous_12)
FNF:13
FNH:0
FNDA:0,(anonymous_0)
FNDA:0,(anonymous_1)
FNDA:0,(anonymous_2)
FNDA:0,(anonymous_3)
FNDA:0,(anonymous_4)
FNDA:0,(anonymous_5)
FNDA:0,(anonymous_6)
FNDA:0,(anonymous_7)
FNDA:0,(anonymous_8)
FNDA:0,(anonymous_9)
FNDA:0,(anonymous_10)
FNDA:0,(anonymous_11)
FNDA:0,(anonymous_12)
DA:8,0
DA:16,0
DA:18,0
DA:19,0
DA:20,0
DA:21,0
DA:23,0
DA:30,0
DA:32,0
DA:33,0
DA:35,0
DA:36,0
DA:38,0
DA:39,0
DA:40,0
DA:42,0
DA:43,0
DA:45,0
DA:46,0
DA:49,0
DA:51,0
DA:52,0
DA:56,0
DA:61,0
DA:62,0
DA:63,0
DA:67,0
DA:68,0
DA:71,0
DA:72,0
DA:76,0
DA:77,0
DA:80,0
DA:85,0
DA:86,0
DA:87,0
DA:88,0
DA:91,0
DA:103,0
DA:104,0
DA:106,0
DA:111,0
DA:113,0
DA:114,0
DA:116,0
DA:118,0
DA:119,0
DA:122,0
DA:123,0
DA:126,0
DA:130,0
DA:136,0
DA:142,0
DA:144,0
DA:147,0
DA:151,0
DA:152,0
DA:158,0
DA:159,0
DA:164,0
DA:174,0
DA:179,0
DA:181,0
DA:186,0
DA:187,0
DA:193,0
DA:194,0
DA:195,0
DA:199,0
LF:69
LH:0
BRDA:8,0,0,0
BRDA:10,1,0,0
BRDA:11,2,0,0
BRDA:12,3,0,0
BRDA:13,4,0,0
BRDA:14,5,0,0
BRDA:15,6,0,0
BRDA:23,7,0,0
BRDA:25,8,0,0
BRDA:26,9,0,0
BRDA:27,10,0,0
BRDA:28,11,0,0
BRDA:29,12,0,0
BRDA:45,13,0,0
BRDA:45,13,1,0
BRDA:56,14,0,0
BRDA:56,14,1,0
BRDA:56,14,2,0
BRDA:56,14,3,0
BRDA:56,14,4,0
BRDA:61,15,0,0
BRDA:61,15,1,0
BRDA:71,16,0,0
BRDA:71,16,1,0
BRDA:76,17,0,0
BRDA:76,17,1,0
BRDA:106,18,0,0
BRDA:108,19,0,0
BRDA:109,20,0,0
BRDA:110,21,0,0
BRDA:118,22,0,0
BRDA:118,22,1,0
BRDA:122,23,0,0
BRDA:122,23,1,0
BRDA:136,24,0,0
BRDA:138,25,0,0
BRDA:139,26,0,0
BRDA:140,27,0,0
BRDA:141,28,0,0
BRDA:147,29,0,0
BRDA:147,29,1,0
BRDA:151,30,0,0
BRDA:151,30,1,0
BRDA:158,31,0,0
BRDA:174,32,0,0
BRDA:174,33,0,0
BRDA:176,34,0,0
BRDA:177,35,0,0
BRDA:178,36,0,0
BRDA:194,37,0,0
BRDA:194,37,1,0
BRF:51
BRH:0
end_of_record
TN:
SF:src/hooks/useSettingsValue.js
FN:12,(anonymous_0)
FN:20,(anonymous_1)
FN:43,(anonymous_2)
FN:50,(anonymous_3)
FN:59,(anonymous_4)
FN:67,(anonymous_5)
FN:72,(anonymous_6)
FNF:7
FNH:0
FNDA:0,(anonymous_0)
FNDA:0,(anonymous_1)
FNDA:0,(anonymous_2)
FNDA:0,(anonymous_3)
FNDA:0,(anonymous_4)
FNDA:0,(anonymous_5)
FNDA:0,(anonymous_6)
DA:12,0
DA:13,0
DA:14,0
DA:15,0
DA:16,0
DA:17,0
DA:20,0
DA:22,0
DA:24,0
DA:25,0
DA:26,0
DA:28,0
DA:30,0
DA:31,0
DA:36,0
DA:37,0
DA:43,0
DA:44,0
DA:46,0
DA:47,0
DA:50,0
DA:51,0
DA:52,0
DA:53,0
DA:59,0
DA:61,0
DA:64,0
DA:67,0
DA:68,0
DA:69,0
DA:72,0
DA:73,0
DA:78,0
LF:33
LH:0
BRDA:12,0,0,0
BRDA:12,1,0,0
BRDA:22,2,0,0
BRDA:22,2,1,0
BRDA:22,3,0,0
BRDA:22,3,1,0
BRDA:30,4,0,0
BRDA:30,4,1,0
BRDA:30,5,0,0
BRDA:30,5,1,0
BRDA:36,6,0,0
BRDA:36,6,1,0
BRDA:46,7,0,0
BRDA:46,7,1,0
BRDA:52,8,0,0
BRDA:52,8,1,0
BRDA:61,9,0,0
BRDA:61,9,1,0
BRDA:61,10,0,0
BRDA:61,10,1,0
BRDA:68,11,0,0
BRDA:68,11,1,0
BRF:22
BRH:0
end_of_record
TN:
SF:src/pages/admin/Analytics.jsx
FN:17,(anonymous_0)
FN:242,(anonymous_1)
FN:275,(anonymous_2)
FNF:3
FNH:0
FNDA:0,(anonymous_0)
FNDA:0,(anonymous_1)
FNDA:0,(anonymous_2)
DA:17,0
DA:18,0
DA:136,0
DA:147,0
DA:160,0
DA:174,0
DA:201,0
DA:243,0
DA:276,0
LF:9
LH:0
BRF:0
BRH:0
end_of_record
TN:
SF:src/pages/admin/ExpenseManagement.jsx
FN:41,(anonymous_0)
FN:59,(anonymous_1)
FN:60,(anonymous_2)
FN:73,(anonymous_3)
FN:74,(anonymous_4)
FN:139,(anonymous_5)
FN:145,(anonymous_6)
FN:151,(anonymous_7)
FN:156,(anonymous_8)
FN:161,(anonymous_9)
FN:167,(anonymous_10)
FN:179,(anonymous_11)
FN:200,(anonymous_12)
FN:221,(anonymous_13)
FN:223,(anonymous_14)
FN:269,(anonymous_15)
FN:288,(anonymous_16)
FN:338,(anonymous_17)
FN:347,(anonymous_18)
FN:359,(anonymous_19)
FN:371,(anonymous_20)
FN:378,(anonymous_21)
FN:384,(anonymous_22)
FN:393,(anonymous_23)
FN:397,(anonymous_24)
FN:410,(anonymous_25)
FN:437,(anonymous_26)
FN:593,(anonymous_27)
FN:620,(anonymous_28)
FN:650,(anonymous_29)
FN:718,(anonymous_30)
FN:742,(anonymous_31)
FN:808,(anonymous_32)
FN:897,(anonymous_33)
FN:946,(anonymous_34)
FN:959,(anonymous_35)
FN:968,(anonymous_36)
FN:981,(anonymous_37)
FNF:38
FNH:0
FNDA:0,(anonymous_0)
FNDA:0,(anonymous_1)
FNDA:0,(anonymous_2)
FNDA:0,(anonymous_3)
FNDA:0,(anonymous_4)
FNDA:0,(anonymous_5)
FNDA:0,(anonymous_6)
FNDA:0,(anonymous_7)
FNDA:0,(anonymous_8)
FNDA:0,(anonymous_9)
FNDA:0,(anonymous_10)
FNDA:0,(anonymous_11)
FNDA:0,(anonymous_12)
FNDA:0,(anonymous_13)
FNDA:0,(anonymous_14)
FNDA:0,(anonymous_15)
FNDA:0,(anonymous_16)
FNDA:0,(anonymous_17)
FNDA:0,(anonymous_18)
FNDA:0,(anonymous_19)
FNDA:0,(anonymous_20)
FNDA:0,(anonymous_21)
FNDA:0,(anonymous_22)
FNDA:0,(anonymous_23)
FNDA:0,(anonymous_24)
FNDA:0,(anonymous_25)
FNDA:0,(anonymous_26)
FNDA:0,(anonymous_27)
FNDA:0,(anonymous_28)
FNDA:0,(anonymous_29)
FNDA:0,(anonymous_30)
FNDA:0,(anonymous_31)
FNDA:0,(anonymous_32)
FNDA:0,(anonymous_33)
FNDA:0,(anonymous_34)
FNDA:0,(anonymous_35)
FNDA:0,(anonymous_36)
FNDA:0,(anonymous_37)
DA:41,0
DA:42,0
DA:43,0
DA:44,0
DA:45,0
DA:46,0
DA:47,0
DA:48,0
DA:49,0
DA:50,0
DA:51,0
DA:52,0
DA:53,0
DA:54,0
DA:55,0
DA:56,0
DA:59,0
DA:60,0
DA:61,0
DA:62,0
DA:63,0
DA:69,0
DA:73,0
DA:74,0
DA:75,0
DA:76,0
DA:79,0
DA:82,0
DA:83,0
DA:86,0
DA:87,0
DA:90,0
DA:91,0
DA:95,0
DA:96,0
DA:100,0
DA:101,0
DA:105,0
DA:108,0
DA:109,0
DA:111,0
DA:115,0
DA:116,0
DA:120,0
DA:121,0
DA:122,0
DA:123,0
DA:124,0
DA:125,0
DA:129,0
DA:131,0
DA:135,0
DA:139,0
DA:140,0
DA:141,0
DA:145,0
DA:146,0
DA:147,0
DA:151,0
DA:152,0
DA:156,0
DA:157,0
DA:161,0
DA:162,0
DA:163,0
DA:167,0
DA:168,0
DA:170,0
DA:173,0
DA:174,0
DA:179,0
DA:180,0
DA:181,0
DA:185,0
DA:200,0
DA:217,0
DA:220,0
DA:222,0
DA:225,0
DA:226,0
DA:233,0
DA:236,0
DA:239,0
DA:242,0
DA:243,0
DA:244,0
DA:245,0
DA:248,0
DA:249,0
DA:250,0
DA:253,0
DA:256,0
DA:259,0
DA:260,0
DA:263,0
DA:269,0
DA:270,0
DA:276,0
DA:283,0
DA:288,0
DA:289,0
DA:291,0
DA:292,0
DA:293,0
DA:294,0
DA:295,0
DA:297,0
DA:298,0
DA:308,0
DA:317,0
DA:328,0
DA:338,0
DA:339,0
DA:347,0
DA:348,0
DA:350,0
DA:352,0
DA:354,0
DA:359,0
DA:360,0
DA:362,0
DA:364,0
DA:366,0
DA:371,0
DA:372,0
DA:373,0
DA:374,0
DA:378,0
DA:379,0
DA:380,0
DA:384,0
DA:385,0
DA:387,0
DA:388,0
DA:389,0
DA:392,0
DA:393,0
DA:397,0
DA:400,0
DA:406,0
DA:407,0
DA:410,0
DA:411,0
DA:415,0
DA:417,0
DA:421,0
DA:437,0
DA:593,0
DA:621,0
DA:650,0
DA:718,0
DA:743,0
DA:744,0
DA:809,0
DA:897,0
DA:946,0
DA:959,0
DA:968,0
DA:982,0
LF:159
LH:0
BRDA:63,0,0,0
BRDA:63,0,1,0
BRDA:86,1,0,0
BRDA:86,1,1,0
BRDA:90,2,0,0
BRDA:90,2,1,0
BRDA:95,3,0,0
BRDA:95,3,1,0
BRDA:100,4,0,0
BRDA:100,4,1,0
BRDA:108,5,0,0
BRDA:108,5,1,0
BRDA:115,6,0,0
BRDA:115,6,1,0
BRDA:120,7,0,0
BRDA:120,7,1,0
BRDA:122,8,0,0
BRDA:122,8,1,0
BRDA:124,9,0,0
BRDA:124,9,1,0
BRDA:173,10,0,0
BRDA:173,10,1,0
BRDA:202,11,0,0
BRDA:202,11,1,0
BRDA:203,12,0,0
BRDA:203,12,1,0
BRDA:204,13,0,0
BRDA:204,13,1,0
BRDA:205,14,0,0
BRDA:205,14,1,0
BRDA:205,14,2,0
BRDA:206,15,0,0
BRDA:206,15,1,0
BRDA:206,15,2,0
BRDA:207,16,0,0
BRDA:207,16,1,0
BRDA:207,16,2,0
BRDA:208,17,0,0
BRDA:208,17,1,0
BRDA:209,18,0,0
BRDA:209,18,1,0
BRDA:210,19,0,0
BRDA:210,19,1,0
BRDA:213,20,0,0
BRDA:213,20,1,0
BRDA:226,21,0,0
BRDA:226,21,1,0
BRDA:280,22,0,0
BRDA:280,22,1,0
BRDA:289,23,0,0
BRDA:289,23,1,0
BRDA:291,24,0,0
BRDA:291,24,1,0
BRDA:291,24,2,0
BRDA:292,25,0,0
BRDA:292,25,1,0
BRDA:292,25,2,0
BRDA:293,26,0,0
BRDA:293,26,1,0
BRDA:294,27,0,0
BRDA:294,27,1,0
BRDA:294,27,2,0
BRDA:295,28,0,0
BRDA:295,28,1,0
BRDA:299,29,0,0
BRDA:299,29,1,0
BRDA:299,29,2,0
BRDA:299,29,3,0
BRDA:299,29,4,0
BRDA:308,30,0,0
BRDA:308,30,1,0
BRDA:340,31,0,0
BRDA:340,31,1,0
BRDA:340,31,2,0
BRDA:348,32,0,0
BRDA:348,32,1,0
BRDA:348,32,2,0
BRDA:360,33,0,0
BRDA:360,33,1,0
BRDA:360,33,2,0
BRDA:385,34,0,0
BRDA:385,34,1,0
BRDA:429,35,0,0
BRDA:429,35,1,0
BRDA:445,36,0,0
BRDA:445,36,1,0
BRDA:464,37,0,0
BRDA:464,37,1,0
BRDA:567,38,0,0
BRDA:567,38,1,0
BRDA:589,39,0,0
BRDA:589,39,1,0
BRDA:593,40,0,0
BRDA:593,40,1,0
BRDA:615,41,0,0
BRDA:615,41,1,0
BRDA:621,42,0,0
BRDA:621,42,1,0
BRDA:621,42,2,0
BRDA:645,43,0,0
BRDA:645,43,1,0
BRDA:645,44,0,0
BRDA:645,44,1,0
BRDA:650,45,0,0
BRDA:650,45,1,0
BRDA:680,46,0,0
BRDA:680,46,1,0
BRDA:707,47,0,0
BRDA:707,47,1,0
BRDA:723,48,0,0
BRDA:723,48,1,0
BRDA:731,49,0,0
BRDA:731,49,1,0
BRDA:731,50,0,0
BRDA:731,50,1,0
BRDA:736,51,0,0
BRDA:736,51,1,0
BRDA:736,52,0,0
BRDA:736,52,1,0
BRDA:740,53,0,0
BRDA:740,53,1,0
BRDA:740,53,2,0
BRDA:820,54,0,0
BRDA:820,54,1,0
BRDA:823,55,0,0
BRDA:823,55,1,0
BRDA:830,56,0,0
BRDA:830,56,1,0
BRDA:836,57,0,0
BRDA:836,57,1,0
BRDA:840,58,0,0
BRDA:840,58,1,0
BRDA:843,59,0,0
BRDA:843,59,1,0
BRDA:846,60,0,0
BRDA:846,60,1,0
BRDA:853,61,0,0
BRDA:853,61,1,0
BRDA:853,61,2,0
BRDA:859,62,0,0
BRDA:859,62,1,0
BRDA:864,63,0,0
BRDA:864,63,1,0
BRDA:912,64,0,0
BRDA:912,64,1,0
BRDA:912,64,2,0
BRDA:912,64,3,0
BRDA:923,65,0,0
BRDA:923,65,1,0
BRDA:924,66,0,0
BRDA:924,66,1,0
BRDA:926,67,0,0
BRDA:926,67,1,0
BRDA:930,68,0,0
BRDA:930,68,1,0
BRDA:935,69,0,0
BRDA:935,69,1,0
BRDA:940,70,0,0
BRDA:940,70,1,0
BRDA:943,71,0,0
BRDA:943,71,1,0
BRDA:946,72,0,0
BRDA:946,72,1,0
BRDA:959,73,0,0
BRDA:959,73,1,0
BRDA:963,74,0,0
BRDA:963,74,1,0
BRDA:968,75,0,0
BRDA:968,75,1,0
BRDA:982,76,0,0
BRDA:982,76,1,0
BRDA:982,76,2,0
BRF:172
BRH:0
end_of_record
TN:
SF:src/pages/admin/PeriodDetail.jsx
FN:6,(anonymous_0)
FN:22,(anonymous_1)
FN:23,(anonymous_2)
FN:50,(anonymous_3)
FN:52,(anonymous_4)
FN:68,(anonymous_5)
FN:80,(anonymous_6)
FN:88,(anonymous_7)
FN:128,(anonymous_8)
FN:135,(anonymous_9)
FN:252,(anonymous_10)
FNF:11
FNH:0
FNDA:0,(anonymous_0)
FNDA:0,(anonymous_1)
FNDA:0,(anonymous_2)
FNDA:0,(anonymous_3)
FNDA:0,(anonymous_4)
FNDA:0,(anonymous_5)
FNDA:0,(anonymous_6)
FNDA:0,(anonymous_7)
FNDA:0,(anonymous_8)
FNDA:0,(anonymous_9)
FNDA:0,(anonymous_10)
DA:6,0
DA:7,0
DA:8,0
DA:9,0
DA:10,0
DA:11,0
DA:12,0
DA:15,0
DA:17,0
DA:18,0
DA:19,0
DA:22,0
DA:23,0
DA:24,0
DA:25,0
DA:26,0
DA:32,0
DA:35,0
DA:36,0
DA:39,0
DA:42,0
DA:46,0
DA:50,0
DA:52,0
DA:53,0
DA:54,0
DA:55,0
DA:61,0
DA:62,0
DA:63,0
DA:64,0
DA:68,0
DA:69,0
DA:75,0
DA:80,0
DA:88,0
DA:97,0
DA:101,0
DA:128,0
DA:129,0
DA:131,0
DA:135,0
DA:136,0
DA:139,0
DA:253,0
LF:45
LH:0
BRDA:15,0,0,0
BRDA:15,0,1,0
BRDA:17,1,0,0
BRDA:17,1,1,0
BRDA:18,2,0,0
BRDA:18,2,1,0
BRDA:35,3,0,0
BRDA:35,3,1,0
BRDA:54,4,0,0
BRDA:54,4,1,0
BRDA:129,5,0,0
BRDA:129,5,1,0
BRDA:153,6,0,0
BRDA:153,6,1,0
BRDA:159,7,0,0
BRDA:159,7,1,0
BRDA:163,8,0,0
BRDA:163,8,1,0
BRDA:206,9,0,0
BRDA:206,9,1,0
BRDA:226,10,0,0
BRDA:226,10,1,0
BRDA:286,11,0,0
BRDA:286,11,1,0
BRDA:288,12,0,0
BRDA:288,12,1,0
BRF:26
BRH:0
end_of_record
TN:
SF:src/pages/admin/Reports.jsx
FN:20,(anonymous_0)
FN:147,(anonymous_1)
FN:219,(anonymous_2)
FN:232,(anonymous_3)
FNF:4
FNH:0
FNDA:0,(anonymous_0)
FNDA:0,(anonymous_1)
FNDA:0,(anonymous_2)
FNDA:0,(anonymous_3)
DA:20,0
DA:22,0
DA:33,0
DA:46,0
DA:59,0
DA:117,0
DA:147,0
DA:148,0
DA:188,0
DA:220,0
DA:233,0
LF:11
LH:0
BRF:0
BRH:0
end_of_record
TN:
SF:src/pages/admin/SystemSettings.jsx
FN:23,(anonymous_0)
FN:41,(anonymous_1)
FN:43,(anonymous_2)
FN:62,(anonymous_3)
FN:72,(anonymous_4)
FN:118,(anonymous_5)
FN:126,(anonymous_6)
FN:137,(anonymous_7)
FN:177,(anonymous_8)
FN:188,(anonymous_9)
FN:193,(anonymous_10)
FNF:11
FNH:0
FNDA:0,(anonymous_0)
FNDA:0,(anonymous_1)
FNDA:0,(anonymous_2)
FNDA:0,(anonymous_3)
FNDA:0,(anonymous_4)
FNDA:0,(anonymous_5)
FNDA:0,(anonymous_6)
FNDA:0,(anonymous_7)
FNDA:0,(anonymous_8)
FNDA:0,(anonymous_9)
FNDA:0,(anonymous_10)
DA:23,0
DA:24,0
DA:25,0
DA:35,0
DA:36,0
DA:37,0
DA:38,0
DA:41,0
DA:42,0
DA:43,0
DA:55,0
DA:56,0
DA:62,0
DA:63,0
DA:64,0
DA:65,0
DA:67,0
DA:72,0
DA:73,0
DA:74,0
DA:75,0
DA:76,0
DA:84,0
DA:85,0
DA:89,0
DA:94,0
DA:105,0
DA:118,0
DA:119,0
DA:120,0
DA:126,0
DA:127,0
DA:128,0
DA:137,0
DA:138,0
DA:139,0
DA:141,0
DA:143,0
DA:163,0
DA:164,0
DA:166,0
DA:168,0
DA:174,0
DA:175,0
DA:177,0
DA:186,0
DA:187,0
DA:188,0
DA:189,0
DA:193,0
DA:194,0
DA:198,0
DA:200,0
DA:205,0
DA:206,0
DA:213,0
LF:56
LH:0
BRDA:42,0,0,0
BRDA:42,0,1,0
BRDA:46,1,0,0
BRDA:46,1,1,0
BRDA:48,2,0,0
BRDA:48,2,1,0
BRDA:50,3,0,0
BRDA:50,3,1,0
BRDA:55,4,0,0
BRDA:55,4,1,0
BRDA:55,5,0,0
BRDA:55,5,1,0
BRDA:75,6,0,0
BRDA:75,6,1,0
BRDA:75,7,0,0
BRDA:75,7,1,0
BRDA:75,7,2,0
BRDA:166,8,0,0
BRDA:166,8,1,0
BRDA:175,9,0,0
BRDA:175,9,1,0
BRDA:175,10,0,0
BRDA:175,10,1,0
BRDA:175,10,2,0
BRDA:205,11,0,0
BRDA:205,11,1,0
BRDA:205,12,0,0
BRDA:205,12,1,0
BRDA:248,13,0,0
BRDA:248,13,1,0
BRDA:412,14,0,0
BRDA:412,14,1,0
BRDA:415,15,0,0
BRDA:415,15,1,0
BRF:34
BRH:0
end_of_record
TN:
SF:src/pages/admin/UserManagement.jsx
FN:28,(anonymous_0)
FN:72,(anonymous_1)
FN:77,(anonymous_2)
FN:93,(anonymous_3)
FN:103,(anonymous_4)
FN:126,(anonymous_5)
FN:144,(anonymous_6)
FN:173,(anonymous_7)
FN:184,(anonymous_8)
FN:198,(anonymous_9)
FN:203,(anonymous_10)
FN:214,(anonymous_11)
FN:227,(anonymous_12)
FN:234,(anonymous_13)
FN:274,(anonymous_14)
FN:283,(anonymous_15)
FN:364,(anonymous_16)
FN:419,(anonymous_17)
FN:447,(anonymous_18)
FN:456,(anonymous_19)
FN:497,(anonymous_20)
FN:599,(anonymous_21)
FN:651,(anonymous_22)
FN:743,(anonymous_23)
FN:798,(anonymous_24)
FNF:25
FNH:0
FNDA:0,(anonymous_0)
FNDA:0,(anonymous_1)
FNDA:0,(anonymous_2)
FNDA:0,(anonymous_3)
FNDA:0,(anonymous_4)
FNDA:0,(anonymous_5)
FNDA:0,(anonymous_6)
FNDA:0,(anonymous_7)
FNDA:0,(anonymous_8)
FNDA:0,(anonymous_9)
FNDA:0,(anonymous_10)
FNDA:0,(anonymous_11)
FNDA:0,(anonymous_12)
FNDA:0,(anonymous_13)
FNDA:0,(anonymous_14)
FNDA:0,(anonymous_15)
FNDA:0,(anonymous_16)
FNDA:0,(anonymous_17)
FNDA:0,(anonymous_18)
FNDA:0,(anonymous_19)
FNDA:0,(anonymous_20)
FNDA:0,(anonymous_21)
FNDA:0,(anonymous_22)
FNDA:0,(anonymous_23)
FNDA:0,(anonymous_24)
DA:28,0
DA:29,0
DA:30,0
DA:31,0
DA:32,0
DA:33,0
DA:34,0
DA:35,0
DA:36,0
DA:37,0
DA:44,0
DA:47,0
DA:58,0
DA:72,0
DA:73,0
DA:77,0
DA:78,0
DA:79,0
DA:80,0
DA:81,0
DA:82,0
DA:84,0
DA:85,0
DA:88,0
DA:93,0
DA:94,0
DA:97,0
DA:99,0
DA:102,0
DA:104,0
DA:105,0
DA:110,0
DA:114,0
DA:120,0
DA:126,0
DA:127,0
DA:128,0
DA:134,0
DA:135,0
DA:136,0
DA:138,0
DA:144,0
DA:145,0
DA:148,0
DA:149,0
DA:150,0
DA:153,0
DA:154,0
DA:155,0
DA:156,0
DA:163,0
DA:164,0
DA:165,0
DA:167,0
DA:173,0
DA:174,0
DA:175,0
DA:177,0
DA:178,0
DA:180,0
DA:183,0
DA:185,0
DA:189,0
DA:190,0
DA:192,0
DA:198,0
DA:199,0
DA:200,0
DA:203,0
DA:205,0
DA:206,0
DA:208,0
DA:214,0
DA:215,0
DA:216,0
DA:223,0
DA:227,0
DA:228,0
DA:229,0
DA:233,0
DA:235,0
DA:239,0
DA:274,0
DA:284,0
DA:291,0
DA:292,0
DA:365,0
DA:420,0
DA:447,0
DA:456,0
DA:497,0
DA:599,0
DA:651,0
DA:743,0
DA:798,0
LF:95
LH:0
BRDA:97,0,0,0
BRDA:97,0,1,0
BRDA:104,1,0,0
BRDA:104,1,1,0
BRDA:116,2,0,0
BRDA:116,2,1,0
BRDA:134,3,0,0
BRDA:134,3,1,0
BRDA:134,4,0,0
BRDA:134,4,1,0
BRDA:135,5,0,0
BRDA:135,5,1,0
BRDA:135,6,0,0
BRDA:135,6,1,0
BRDA:148,7,0,0
BRDA:148,7,1,0
BRDA:167,8,0,0
BRDA:167,8,1,0
BRDA:178,9,0,0
BRDA:178,9,1,0
BRDA:185,10,0,0
BRDA:185,10,1,0
BRDA:192,11,0,0
BRDA:192,11,1,0
BRDA:208,12,0,0
BRDA:208,12,1,0
BRDA:221,13,0,0
BRDA:221,13,1,0
BRDA:235,14,0,0
BRDA:235,14,1,0
BRDA:303,15,0,0
BRDA:303,15,1,0
BRDA:307,16,0,0
BRDA:307,16,1,0
BRDA:354,17,0,0
BRDA:354,17,1,0
BRDA:387,18,0,0
BRDA:387,18,1,0
BRDA:392,19,0,0
BRDA:392,19,1,0
BRDA:400,20,0,0
BRDA:400,20,1,0
BRDA:405,21,0,0
BRDA:405,21,1,0
BRDA:410,22,0,0
BRDA:410,22,1,0
BRDA:423,23,0,0
BRDA:423,23,1,0
BRDA:430,24,0,0
BRDA:430,24,1,0
BRDA:477,25,0,0
BRDA:477,25,1,0
BRDA:550,26,0,0
BRDA:550,26,1,0
BRDA:556,27,0,0
BRDA:556,27,1,0
BRDA:610,28,0,0
BRDA:610,28,1,0
BRDA:612,29,0,0
BRDA:612,29,1,0
BRDA:612,30,0,0
BRDA:612,30,1,0
BRDA:616,31,0,0
BRDA:616,31,1,0
BRDA:616,32,0,0
BRDA:616,32,1,0
BRDA:617,33,0,0
BRDA:617,33,1,0
BRDA:617,34,0,0
BRDA:617,34,1,0
BRDA:631,35,0,0
BRDA:631,35,1,0
BRDA:770,36,0,0
BRDA:770,36,1,0
BRF:74
BRH:0
end_of_record
TN:
SF:src/pages/admin/analytics/CategoryBreakdown.jsx
FN:22,(anonymous_0)
FN:32,(anonymous_1)
FN:33,(anonymous_2)
FN:53,(anonymous_3)
FN:54,(anonymous_4)
FN:61,(anonymous_5)
FN:64,(anonymous_6)
FN:65,(anonymous_7)
FN:67,(anonymous_8)
FN:88,(anonymous_9)
FN:123,(anonymous_10)
FN:189,(anonymous_11)
FN:207,(anonymous_12)
FN:338,(anonymous_13)
FN:402,(anonymous_14)
FNF:15
FNH:0
FNDA:0,(anonymous_0)
FNDA:0,(anonymous_1)
FNDA:0,(anonymous_2)
FNDA:0,(anonymous_3)
FNDA:0,(anonymous_4)
FNDA:0,(anonymous_5)
FNDA:0,(anonymous_6)
FNDA:0,(anonymous_7)
FNDA:0,(anonymous_8)
FNDA:0,(anonymous_9)
FNDA:0,(anonymous_10)
FNDA:0,(anonymous_11)
FNDA:0,(anonymous_12)
FNDA:0,(anonymous_13)
FNDA:0,(anonymous_14)
DA:22,0
DA:23,0
DA:24,0
DA:25,0
DA:26,0
DA:32,0
DA:33,0
DA:34,0
DA:35,0
DA:36,0
DA:40,0
DA:42,0
DA:45,0
DA:49,0
DA:53,0
DA:54,0
DA:61,0
DA:62,0
DA:64,0
DA:65,0
DA:66,0
DA:68,0
DA:81,0
DA:88,0
DA:97,0
DA:108,0
DA:121,0
DA:123,0
DA:133,0
DA:190,0
DA:208,0
DA:339,0
DA:403,0
LF:33
LH:0
BRDA:62,0,0,0
BRDA:62,0,1,0
BRDA:68,1,0,0
BRDA:68,1,1,0
BRDA:151,2,0,0
BRDA:151,2,1,0
BRDA:217,3,0,0
BRDA:217,3,1,0
BRDA:227,4,0,0
BRDA:227,4,1,0
BRDA:372,5,0,0
BRDA:372,5,1,0
BRF:12
BRH:0
end_of_record
TN:
SF:src/pages/admin/analytics/ExpenseTrends.jsx
FN:24,(anonymous_0)
FN:33,(anonymous_1)
FN:34,(anonymous_2)
FN:55,(anonymous_3)
FN:60,(anonymous_4)
FN:65,(anonymous_5)
FN:70,(anonymous_6)
FN:73,(anonymous_7)
FN:74,(anonymous_8)
FN:75,(anonymous_9)
FN:179,(anonymous_10)
FN:219,(anonymous_11)
FN:430,(anonymous_12)
FNF:13
FNH:0
FNDA:0,(anonymous_0)
FNDA:0,(anonymous_1)
FNDA:0,(anonymous_2)
FNDA:0,(anonymous_3)
FNDA:0,(anonymous_4)
FNDA:0,(anonymous_5)
FNDA:0,(anonymous_6)
FNDA:0,(anonymous_7)
FNDA:0,(anonymous_8)
FNDA:0,(anonymous_9)
FNDA:0,(anonymous_10)
FNDA:0,(anonymous_11)
FNDA:0,(anonymous_12)
DA:24,0
DA:25,0
DA:26,0
DA:27,0
DA:28,0
DA:29,0
DA:30,0
DA:33,0
DA:34,0
DA:35,0
DA:36,0
DA:37,0
DA:42,0
DA:44,0
DA:47,0
DA:51,0
DA:55,0
DA:56,0
DA:60,0
DA:61,0
DA:65,0
DA:66,0
DA:70,0
DA:71,0
DA:73,0
DA:74,0
DA:75,0
DA:76,0
DA:78,0
DA:112,0
DA:179,0
DA:180,0
DA:182,0
DA:184,0
DA:186,0
DA:188,0
DA:193,0
DA:204,0
DA:217,0
DA:219,0
DA:229,0
DA:433,0
DA:434,0
DA:437,0
DA:441,0
LF:45
LH:0
BRDA:71,0,0,0
BRDA:71,0,1,0
BRDA:76,1,0,0
BRDA:76,1,1,0
BRDA:180,2,0,0
BRDA:180,2,1,0
BRDA:180,2,2,0
BRDA:180,2,3,0
BRDA:248,3,0,0
BRDA:248,3,1,0
BRDA:329,4,0,0
BRDA:329,4,1,0
BRDA:339,5,0,0
BRDA:339,5,1,0
BRDA:353,6,0,0
BRDA:353,6,1,0
BRDA:354,7,0,0
BRDA:354,7,1,0
BRDA:419,8,0,0
BRDA:419,8,1,0
BRDA:433,9,0,0
BRDA:433,9,1,0
BRDA:434,10,0,0
BRDA:434,10,1,0
BRDA:437,11,0,0
BRDA:437,11,1,0
BRDA:457,12,0,0
BRDA:457,12,1,0
BRDA:460,13,0,0
BRDA:460,13,1,0
BRDA:462,14,0,0
BRDA:462,14,1,0
BRDA:467,15,0,0
BRDA:467,15,1,0
BRDA:469,16,0,0
BRDA:469,16,1,0
BRDA:485,17,0,0
BRDA:485,17,1,0
BRDA:488,18,0,0
BRDA:488,18,1,0
BRDA:490,19,0,0
BRDA:490,19,1,0
BRDA:495,20,0,0
BRDA:495,20,1,0
BRDA:497,21,0,0
BRDA:497,21,1,0
BRDA:505,22,0,0
BRDA:505,22,1,0
BRDA:508,23,0,0
BRDA:508,23,1,0
BRF:50
BRH:0
end_of_record
TN:
SF:src/pages/admin/analytics/PeriodDetail.jsx
FN:28,(anonymous_0)
FN:46,(anonymous_1)
FN:47,(anonymous_2)
FN:68,(anonymous_3)
FN:89,(anonymous_4)
FN:94,(anonymous_5)
FN:104,(anonymous_6)
FN:108,(anonymous_7)
FN:112,(anonymous_8)
FN:118,(anonymous_9)
FN:120,(anonymous_10)
FN:125,(anonymous_11)
FN:136,(anonymous_12)
FN:138,(anonymous_13)
FN:142,(anonymous_14)
FN:146,(anonymous_15)
FN:161,(anonymous_16)
FN:176,(anonymous_17)
FN:212,(anonymous_18)
FN:323,(anonymous_19)
FN:346,(anonymous_20)
FN:589,(anonymous_21)
FNF:22
FNH:0
FNDA:0,(anonymous_0)
FNDA:0,(anonymous_1)
FNDA:0,(anonymous_2)
FNDA:0,(anonymous_3)
FNDA:0,(anonymous_4)
FNDA:0,(anonymous_5)
FNDA:0,(anonymous_6)
FNDA:0,(anonymous_7)
FNDA:0,(anonymous_8)
FNDA:0,(anonymous_9)
FNDA:0,(anonymous_10)
FNDA:0,(anonymous_11)
FNDA:0,(anonymous_12)
FNDA:0,(anonymous_13)
FNDA:0,(anonymous_14)
FNDA:0,(anonymous_15)
FNDA:0,(anonymous_16)
FNDA:0,(anonymous_17)
FNDA:0,(anonymous_18)
FNDA:0,(anonymous_19)
FNDA:0,(anonymous_20)
FNDA:0,(anonymous_21)
DA:28,0
DA:33,0
DA:34,0
DA:35,0
DA:36,0
DA:37,0
DA:38,0
DA:41,0
DA:42,0
DA:43,0
DA:46,0
DA:47,0
DA:48,0
DA:49,0
DA:50,0
DA:55,0
DA:57,0
DA:60,0
DA:64,0
DA:68,0
DA:69,0
DA:74,0
DA:89,0
DA:90,0
DA:94,0
DA:95,0
DA:97,0
DA:98,0
DA:99,0
DA:100,0
DA:104,0
DA:105,0
DA:108,0
DA:109,0
DA:112,0
DA:118,0
DA:119,0
DA:120,0
DA:124,0
DA:125,0
DA:131,0
DA:136,0
DA:137,0
DA:138,0
DA:142,0
DA:143,0
DA:145,0
DA:146,0
DA:147,0
DA:148,0
DA:149,0
DA:155,0
DA:156,0
DA:157,0
DA:160,0
DA:161,0
DA:162,0
DA:170,0
DA:177,0
DA:186,0
DA:197,0
DA:210,0
DA:212,0
DA:222,0
DA:223,0
DA:232,0
DA:233,0
DA:248,0
DA:249,0
DA:252,0
DA:254,0
DA:324,0
DA:347,0
DA:590,0
LF:74
LH:0
BRDA:41,0,0,0
BRDA:41,0,1,0
BRDA:42,1,0,0
BRDA:42,1,1,0
BRDA:43,2,0,0
BRDA:43,2,1,0
BRDA:69,3,0,0
BRDA:69,3,1,0
BRDA:70,4,0,0
BRDA:70,4,1,0
BRDA:70,4,2,0
BRDA:97,5,0,0
BRDA:97,5,1,0
BRDA:98,6,0,0
BRDA:98,6,1,0
BRDA:99,7,0,0
BRDA:99,7,1,0
BRDA:100,8,0,0
BRDA:100,8,1,0
BRDA:119,9,0,0
BRDA:119,9,1,0
BRDA:124,10,0,0
BRDA:124,10,1,0
BRDA:143,11,0,0
BRDA:143,11,1,0
BRDA:148,12,0,0
BRDA:148,12,1,0
BRDA:222,13,0,0
BRDA:222,13,1,0
BRDA:232,14,0,0
BRDA:232,14,1,0
BRDA:248,15,0,0
BRDA:248,15,1,0
BRDA:312,16,0,0
BRDA:312,16,1,0
BRDA:618,17,0,0
BRDA:618,17,1,0
BRF:37
BRH:0
end_of_record
TN:
SF:src/pages/admin/analytics/TimeSummary.jsx
FN:20,(anonymous_0)
FN:29,(anonymous_1)
FN:30,(anonymous_2)
FN:50,(anonymous_3)
FN:55,(anonymous_4)
FN:60,(anonymous_5)
FN:67,(anonymous_6)
FN:70,(anonymous_7)
FN:71,(anonymous_8)
FN:73,(anonymous_9)
FN:133,(anonymous_10)
FN:169,(anonymous_11)
FN:244,(anonymous_12)
FN:370,(anonymous_13)
FN:404,(anonymous_14)
FNF:15
FNH:0
FNDA:0,(anonymous_0)
FNDA:0,(anonymous_1)
FNDA:0,(anonymous_2)
FNDA:0,(anonymous_3)
FNDA:0,(anonymous_4)
FNDA:0,(anonymous_5)
FNDA:0,(anonymous_6)
FNDA:0,(anonymous_7)
FNDA:0,(anonymous_8)
FNDA:0,(anonymous_9)
FNDA:0,(anonymous_10)
FNDA:0,(anonymous_11)
FNDA:0,(anonymous_12)
FNDA:0,(anonymous_13)
FNDA:0,(anonymous_14)
DA:20,0
DA:21,0
DA:22,0
DA:23,0
DA:24,0
DA:25,0
DA:26,0
DA:29,0
DA:30,0
DA:31,0
DA:32,0
DA:33,0
DA:37,0
DA:39,0
DA:42,0
DA:46,0
DA:50,0
DA:51,0
DA:55,0
DA:56,0
DA:60,0
DA:61,0
DA:67,0
DA:68,0
DA:70,0
DA:71,0
DA:72,0
DA:73,0
DA:76,0
DA:98,0
DA:133,0
DA:134,0
DA:135,0
DA:136,0
DA:137,0
DA:139,0
DA:143,0
DA:154,0
DA:167,0
DA:169,0
DA:179,0
DA:245,0
DA:371,0
DA:404,0
LF:44
LH:0
BRDA:68,0,0,0
BRDA:68,0,1,0
BRDA:197,1,0,0
BRDA:197,1,1,0
BRDA:255,2,0,0
BRDA:255,2,1,0
BRDA:265,3,0,0
BRDA:265,3,1,0
BRF:8
BRH:0
end_of_record
TN:
SF:src/pages/admin/analytics/YearlyComparison.jsx
FN:23,(anonymous_0)
FN:33,(anonymous_1)
FN:34,(anonymous_2)
FN:54,(anonymous_3)
FN:61,(anonymous_4)
FN:69,(anonymous_5)
FN:73,(anonymous_6)
FN:99,(anonymous_7)
FN:109,(anonymous_8)
FN:117,(anonymous_9)
FN:121,(anonymous_10)
FN:212,(anonymous_11)
FN:284,(anonymous_12)
FN:287,(anonymous_13)
FN:306,(anonymous_14)
FN:309,(anonymous_15)
FNF:16
FNH:0
FNDA:0,(anonymous_0)
FNDA:0,(anonymous_1)
FNDA:0,(anonymous_2)
FNDA:0,(anonymous_3)
FNDA:0,(anonymous_4)
FNDA:0,(anonymous_5)
FNDA:0,(anonymous_6)
FNDA:0,(anonymous_7)
FNDA:0,(anonymous_8)
FNDA:0,(anonymous_9)
FNDA:0,(anonymous_10)
FNDA:0,(anonymous_11)
FNDA:0,(anonymous_12)
FNDA:0,(anonymous_13)
FNDA:0,(anonymous_14)
FNDA:0,(anonymous_15)
DA:23,0
DA:24,0
DA:25,0
DA:26,0
DA:27,0
DA:33,0
DA:34,0
DA:35,0
DA:36,0
DA:37,0
DA:41,0
DA:43,0
DA:46,0
DA:50,0
DA:54,0
DA:55,0
DA:56,0
DA:57,0
DA:61,0
DA:62,0
DA:64,0
DA:65,0
DA:66,0
DA:69,0
DA:70,0
DA:73,0
DA:74,0
DA:77,0
DA:99,0
DA:100,0
DA:101,0
DA:102,0
DA:103,0
DA:105,0
DA:109,0
DA:110,0
DA:112,0
DA:113,0
DA:114,0
DA:117,0
DA:118,0
DA:121,0
DA:122,0
DA:125,0
DA:147,0
DA:158,0
DA:171,0
DA:186,0
DA:212,0
DA:213,0
DA:214,0
DA:233,0
DA:284,0
DA:288,0
DA:306,0
DA:310,0
LF:56
LH:0
BRDA:62,0,0,0
BRDA:62,0,1,0
BRDA:110,1,0,0
BRDA:110,1,1,0
BRDA:217,2,0,0
BRDA:217,2,1,0
BRDA:220,3,0,0
BRDA:220,3,1,0
BRDA:226,4,0,0
BRDA:226,4,1,0
BRDA:252,5,0,0
BRDA:252,5,1,0
BRDA:322,6,0,0
BRDA:322,6,1,0
BRDA:332,7,0,0
BRDA:332,7,1,0
BRF:16
BRH:0
end_of_record
TN:
SF:src/pages/auth/ForgotPassword.jsx
FN:8,(anonymous_0)
FN:14,(anonymous_1)
FN:150,(anonymous_2)
FNF:3
FNH:0
FNDA:0,(anonymous_0)
FNDA:0,(anonymous_1)
FNDA:0,(anonymous_2)
DA:8,0
DA:9,0
DA:10,0
DA:11,0
DA:12,0
DA:14,0
DA:15,0
DA:16,0
DA:17,0
DA:19,0
DA:20,0
DA:21,0
DA:22,0
DA:24,0
DA:25,0
DA:26,0
DA:28,0
DA:33,0
DA:44,0
DA:53,0
DA:150,0
LF:21
LH:0
BRDA:24,0,0,0
BRDA:24,0,1,0
BRDA:61,1,0,0
BRDA:61,1,1,0
BRDA:116,2,0,0
BRDA:116,2,1,0
BRDA:167,3,0,0
BRDA:167,3,1,0
BRF:8
BRH:0
end_of_record
TN:
SF:src/pages/auth/Home.jsx
FN:19,(anonymous_0)
FN:311,(anonymous_1)
FN:313,(anonymous_2)
FNF:3
FNH:0
FNDA:0,(anonymous_0)
FNDA:0,(anonymous_1)
FNDA:0,(anonymous_2)
DA:19,0
DA:20,0
DA:313,0
DA:314,0
LF:4
LH:0
BRF:0
BRH:0
end_of_record
TN:
SF:src/pages/auth/Login.jsx
FN:7,(anonymous_0)
FN:19,(anonymous_1)
FN:23,(anonymous_2)
FNF:3
FNH:3
FNDA:131,(anonymous_0)
FNDA:107,(anonymous_1)
FNDA:3,(anonymous_2)
DA:7,1
DA:8,131
DA:9,131
DA:11,131
DA:15,131
DA:17,131
DA:19,131
DA:20,107
DA:23,131
DA:24,3
DA:27,3
DA:30,3
DA:31,0
DA:32,0
DA:35,3
DA:36,3
DA:39,0
DA:40,0
DA:42,0
DA:46,3
DA:55,131
DA:58,131
DA:69,131
DA:78,131
LF:24
LH:19
BRDA:30,0,0,0
BRDA:30,0,1,3
BRDA:30,1,0,3
BRDA:30,1,1,3
BRDA:39,2,0,0
BRDA:39,2,1,0
BRDA:47,3,0,3
BRDA:47,3,1,0
BRDA:47,3,2,0
BRDA:55,4,0,131
BRDA:55,4,1,128
BRDA:159,5,0,131
BRDA:159,5,1,3
BRDA:242,6,0,12
BRDA:242,6,1,119
BRF:15
BRH:10
[...]
FNDA:0,hexToRgba
FNDA:0,(anonymous_4)
FNDA:0,(anonymous_5)
FNDA:0,(anonymous_6)
FNDA:0,(anonymous_7)
FNDA:0,(anonymous_8)
FNDA:0,(anonymous_9)
FNDA:0,(anonymous_10)
FNDA:0,(anonymous_11)
FNDA:0,(anonymous_12)
FNDA:0,(anonymous_13)
FNDA:0,(anonymous_14)
FNDA:0,(anonymous_15)
FNDA:0,(anonymous_16)
FNDA:0,(anonymous_17)
FNDA:0,(anonymous_18)
FNDA:0,(anonymous_19)
FNDA:0,(anonymous_20)
FNDA:0,(anonymous_21)
FNDA:0,(anonymous_22)
FNDA:0,(anonymous_23)
FNDA:0,(anonymous_24)
FNDA:0,(anonymous_25)
FNDA:0,(anonymous_26)
FNDA:0,(anonymous_27)
DA:27,0
DA:39,0
DA:40,0
DA:41,0
DA:42,0
DA:43,0
DA:44,0
DA:45,0
DA:48,0
DA:55,0
DA:56,0
DA:57,0
DA:58,0
DA:60,0
DA:61,0
DA:65,0
DA:67,0
DA:70,0
DA:74,0
DA:78,0
DA:82,0
DA:87,0
DA:88,0
DA:89,0
DA:90,0
DA:93,0
DA:94,0
DA:97,0
DA:98,0
DA:101,0
DA:102,0
DA:104,0
DA:105,0
DA:108,0
DA:109,0
DA:110,0
DA:113,0
DA:114,0
DA:115,0
DA:116,0
DA:119,0
DA:123,0
DA:127,0
DA:132,0
DA:188,0
DA:189,0
DA:209,0
DA:282,0
DA:283,0
DA:284,0
DA:286,0
DA:287,0
DA:289,0
DA:297,0
DA:298,0
DA:300,0
DA:320,0
DA:383,0
DA:384,0
DA:386,0
DA:406,0
DA:453,0
DA:454,0
DA:464,0
DA:465,0
DA:472,0
DA:493,0
DA:502,0
DA:530,0
DA:539,0
DA:566,0
DA:575,0
DA:628,0
DA:672,0
LF:74
LH:0
BRDA:65,0,0,0
BRDA:65,0,1,0
BRDA:65,1,0,0
BRDA:65,1,1,0
BRDA:75,2,0,0
BRDA:75,2,1,0
BRDA:94,3,0,0
BRDA:94,3,1,0
BRDA:102,4,0,0
BRDA:102,4,1,0
BRDA:104,5,0,0
BRDA:104,5,1,0
BRDA:105,6,0,0
BRDA:105,6,1,0
BRDA:282,7,0,0
BRDA:282,7,1,0
BRDA:283,8,0,0
BRDA:283,8,1,0
BRDA:286,9,0,0
BRDA:286,9,1,0
BRDA:298,10,0,0
BRDA:298,10,1,0
BRDA:298,11,0,0
BRDA:298,11,1,0
BRDA:384,12,0,0
BRDA:384,12,1,0
BRDA:384,13,0,0
BRDA:384,13,1,0
BRDA:453,14,0,0
BRDA:453,14,1,0
BRDA:464,15,0,0
BRDA:464,15,1,0
BRDA:535,16,0,0
BRDA:535,16,1,0
BRDA:541,17,0,0
BRDA:541,17,1,0
BRDA:549,18,0,0
BRDA:549,18,1,0
BRDA:571,19,0,0
BRDA:571,19,1,0
BRDA:577,20,0,0
BRDA:577,20,1,0
BRDA:609,21,0,0
BRDA:609,21,1,0
BRDA:618,22,0,0
BRDA:618,22,1,0
BRDA:631,23,0,0
BRDA:631,23,1,0
BRDA:638,24,0,0
BRDA:638,24,1,0
BRDA:638,24,2,0
BRDA:675,25,0,0
BRDA:675,25,1,0
BRDA:682,26,0,0
BRDA:682,26,1,0
BRDA:682,26,2,0
BRF:56
BRH:0
end_of_record
TN:
SF:src/pages/reports/Reports.jsx
FN:5,(anonymous_0)
FNF:1
FNH:0
FNDA:0,(anonymous_0)
DA:5,0
DA:6,0
DA:8,0
LF:3
LH:0
BRF:0
BRH:0
end_of_record
TN:
SF:src/pages/reports/YTDReports.jsx
FN:41,(anonymous_0)
FN:42,(anonymous_1)
FN:88,(anonymous_2)
FN:89,(anonymous_3)
FN:102,(anonymous_4)
FN:105,(anonymous_5)
FN:117,(anonymous_6)
FN:120,(anonymous_7)
FN:128,(anonymous_8)
FN:138,(anonymous_9)
FN:195,(anonymous_10)
FN:199,(anonymous_11)
FN:203,(anonymous_12)
FN:297,(anonymous_13)
FN:317,(anonymous_14)
FN:353,(anonymous_15)
FN:360,(anonymous_16)
FN:397,(anonymous_17)
FN:398,(anonymous_18)
FN:606,(anonymous_19)
FN:627,(anonymous_20)
FN:678,(anonymous_21)
FN:797,(anonymous_22)
FN:800,(anonymous_23)
FN:920,(anonymous_24)
FN:923,(anonymous_25)
FN:1003,(anonymous_26)
FN:1024,(anonymous_27)
FNF:28
FNH:0
FNDA:0,(anonymous_0)
FNDA:0,(anonymous_1)
FNDA:0,(anonymous_2)
FNDA:0,(anonymous_3)
FNDA:0,(anonymous_4)
FNDA:0,(anonymous_5)
FNDA:0,(anonymous_6)
FNDA:0,(anonymous_7)
FNDA:0,(anonymous_8)
FNDA:0,(anonymous_9)
FNDA:0,(anonymous_10)
FNDA:0,(anonymous_11)
FNDA:0,(anonymous_12)
FNDA:0,(anonymous_13)
FNDA:0,(anonymous_14)
FNDA:0,(anonymous_15)
FNDA:0,(anonymous_16)
FNDA:0,(anonymous_17)
FNDA:0,(anonymous_18)
FNDA:0,(anonymous_19)
FNDA:0,(anonymous_20)
FNDA:0,(anonymous_21)
FNDA:0,(anonymous_22)
FNDA:0,(anonymous_23)
FNDA:0,(anonymous_24)
FNDA:0,(anonymous_25)
FNDA:0,(anonymous_26)
FNDA:0,(anonymous_27)
DA:31,0
DA:41,0
DA:42,0
DA:43,0
DA:58,0
DA:59,0
DA:60,0
DA:61,0
DA:64,0
DA:75,0
DA:88,0
DA:89,0
DA:90,0
DA:91,0
DA:93,0
DA:99,0
DA:102,0
DA:103,0
DA:104,0
DA:105,0
DA:106,0
DA:113,0
DA:117,0
DA:118,0
DA:119,0
DA:120,0
DA:121,0
DA:124,0
DA:128,0
DA:129,0
DA:131,0
DA:138,0
DA:139,0
DA:140,0
DA:141,0
DA:142,0
DA:143,0
DA:144,0
DA:145,0
DA:146,0
DA:147,0
DA:150,0
DA:154,0
DA:180,0
DA:181,0
DA:184,0
DA:188,0
DA:192,0
DA:195,0
DA:196,0
DA:199,0
DA:200,0
DA:203,0
DA:204,0
DA:207,0
DA:208,0
DA:222,0
DA:223,0
DA:239,0
DA:240,0
DA:258,0
DA:259,0
DA:277,0
DA:292,0
DA:298,0
DA:299,0
DA:310,0
DA:315,0
DA:318,0
DA:319,0
DA:329,0
DA:353,0
DA:360,0
DA:397,0
DA:399,0
DA:607,0
DA:628,0
DA:680,0
DA:682,0
DA:686,0
DA:689,0
DA:798,0
DA:800,0
DA:801,0
DA:804,0
DA:814,0
DA:816,0
DA:921,0
DA:922,0
DA:923,0
DA:926,0
DA:929,0
DA:1004,0
DA:1025,0
DA:1049,0
LF:95
LH:0
BRDA:104,0,0,0
BRDA:104,0,1,0
BRDA:119,1,0,0
BRDA:119,1,1,0
BRDA:129,2,0,0
BRDA:129,2,1,0
BRDA:140,3,0,0
BRDA:140,3,1,0
BRDA:140,4,0,0
BRDA:140,4,1,0
BRDA:142,5,0,0
BRDA:142,5,1,0
BRDA:142,6,0,0
BRDA:142,6,1,0
BRDA:144,7,0,0
BRDA:144,7,1,0
BRDA:144,8,0,0
BRDA:144,8,1,0
BRDA:146,9,0,0
BRDA:146,9,1,0
BRDA:146,10,0,0
BRDA:146,10,1,0
BRDA:163,11,0,0
BRDA:163,11,1,0
BRDA:185,12,0,0
BRDA:185,12,1,0
BRDA:207,13,0,0
BRDA:207,13,1,0
BRDA:207,14,0,0
BRDA:207,14,1,0
BRDA:222,15,0,0
BRDA:222,15,1,0
BRDA:239,16,0,0
BRDA:239,16,1,0
BRDA:258,17,0,0
BRDA:258,17,1,0
BRDA:258,18,0,0
BRDA:258,18,1,0
BRDA:299,19,0,0
BRDA:299,19,1,0
BRDA:310,20,0,0
BRDA:310,20,1,0
BRDA:311,21,0,0
BRDA:311,21,1,0
BRDA:311,21,2,0
BRDA:319,22,0,0
BRDA:319,22,1,0
BRDA:430,23,0,0
BRDA:430,23,1,0
BRDA:430,23,2,0
BRDA:435,24,0,0
BRDA:435,24,1,0
BRDA:435,25,0,0
BRDA:435,25,1,0
BRDA:437,26,0,0
BRDA:437,26,1,0
BRDA:463,27,0,0
BRDA:463,27,1,0
BRDA:468,28,0,0
BRDA:468,28,1,0
BRDA:468,28,2,0
BRDA:472,29,0,0
BRDA:472,29,1,0
BRDA:477,30,0,0
BRDA:477,30,1,0
BRDA:477,31,0,0
BRDA:477,31,1,0
BRDA:479,32,0,0
BRDA:479,32,1,0
BRDA:505,33,0,0
BRDA:505,33,1,0
BRDA:510,34,0,0
BRDA:510,34,1,0
BRDA:510,34,2,0
BRDA:514,35,0,0
BRDA:514,35,1,0
BRDA:519,36,0,0
BRDA:519,36,1,0
BRDA:519,37,0,0
BRDA:519,37,1,0
BRDA:521,38,0,0
BRDA:521,38,1,0
BRDA:549,39,0,0
BRDA:549,39,1,0
BRDA:551,40,0,0
BRDA:551,40,1,0
BRDA:559,41,0,0
BRDA:559,41,1,0
BRDA:559,41,2,0
BRDA:559,41,3,0
BRDA:563,42,0,0
BRDA:563,42,1,0
BRDA:563,43,0,0
BRDA:563,43,1,0
BRDA:565,44,0,0
BRDA:565,44,1,0
BRDA:670,45,0,0
BRDA:670,45,1,0
BRDA:670,45,2,0
BRDA:680,46,0,0
BRDA:680,46,1,0
BRDA:686,47,0,0
BRDA:686,47,1,0
BRDA:693,48,0,0
BRDA:693,48,1,0
BRDA:698,49,0,0
BRDA:698,49,1,0
BRDA:701,50,0,0
BRDA:701,50,1,0
BRDA:706,51,0,0
BRDA:706,51,1,0
BRDA:711,52,0,0
BRDA:711,52,1,0
BRDA:711,52,2,0
BRDA:713,53,0,0
BRDA:713,53,1,0
BRDA:716,54,0,0
BRDA:716,54,1,0
BRDA:721,55,0,0
BRDA:721,55,1,0
BRDA:721,56,0,0
BRDA:721,56,1,0
BRDA:722,57,0,0
BRDA:722,57,1,0
BRDA:723,58,0,0
BRDA:723,58,1,0
BRDA:779,59,0,0
BRDA:779,59,1,0
BRDA:779,60,0,0
BRDA:779,60,1,0
BRDA:884,61,0,0
BRDA:884,61,1,0
BRDA:884,62,0,0
BRDA:884,62,1,0
BRDA:956,63,0,0
BRDA:956,63,1,0
BRDA:964,64,0,0
BRDA:964,64,1,0
BRDA:965,65,0,0
BRDA:965,65,1,0
BRDA:966,66,0,0
BRDA:966,66,1,0
BRDA:967,67,0,0
BRDA:967,67,1,0
BRDA:973,68,0,0
BRDA:973,68,1,0
BRDA:973,69,0,0
BRDA:973,69,1,0
BRDA:973,69,2,0
BRDA:980,70,0,0
BRDA:980,70,1,0
BRDA:981,71,0,0
BRDA:981,71,1,0
BRDA:982,72,0,0
BRDA:982,72,1,0
BRDA:983,73,0,0
BRDA:983,73,1,0
BRF:157
BRH:0
end_of_record
TN:
SF:src/pages/settings/Settings.jsx
FN:11,(anonymous_0)
FN:25,(anonymous_1)
FN:38,(anonymous_2)
FN:44,(anonymous_3)
FN:49,(anonymous_4)
FN:52,(anonymous_5)
FN:65,(anonymous_6)
FN:95,(anonymous_7)
FN:106,(anonymous_8)
FN:124,(anonymous_9)
FN:131,(anonymous_10)
FN:335,(anonymous_11)
FN:361,(anonymous_12)
FN:367,(anonymous_13)
FNF:14
FNH:0
FNDA:0,(anonymous_0)
FNDA:0,(anonymous_1)
FNDA:0,(anonymous_2)
FNDA:0,(anonymous_3)
FNDA:0,(anonymous_4)
FNDA:0,(anonymous_5)
FNDA:0,(anonymous_6)
FNDA:0,(anonymous_7)
FNDA:0,(anonymous_8)
FNDA:0,(anonymous_9)
FNDA:0,(anonymous_10)
FNDA:0,(anonymous_11)
FNDA:0,(anonymous_12)
FNDA:0,(anonymous_13)
DA:11,0
DA:12,0
DA:13,0
DA:14,0
DA:15,0
DA:16,0
DA:22,0
DA:25,0
DA:26,0
DA:27,0
DA:28,0
DA:29,0
DA:30,0
DA:33,0
DA:34,0
DA:38,0
DA:40,0
DA:41,0
DA:42,0
DA:44,0
DA:45,0
DA:49,0
DA:52,0
DA:53,0
DA:54,0
DA:65,0
DA:66,0
DA:68,0
DA:69,0
DA:70,0
DA:73,0
DA:74,0
DA:75,0
DA:80,0
DA:82,0
DA:83,0
DA:87,0
DA:88,0
DA:91,0
DA:95,0
DA:96,0
DA:97,0
DA:103,0
DA:106,0
DA:107,0
DA:108,0
DA:109,0
DA:112,0
DA:113,0
DA:114,0
DA:115,0
DA:116,0
DA:119,0
DA:124,0
DA:125,0
DA:126,0
DA:127,0
DA:131,0
DA:132,0
DA:134,0
DA:136,0
DA:139,0
DA:140,0
DA:147,0
DA:336,0
DA:361,0
DA:367,0
LF:67
LH:0
BRDA:40,0,0,0
BRDA:40,0,1,0
BRDA:57,1,0,0
BRDA:57,1,1,0
BRDA:59,2,0,0
BRDA:59,2,1,0
BRDA:59,3,0,0
BRDA:59,3,1,0
BRDA:68,4,0,0
BRDA:68,4,1,0
BRDA:74,5,0,0
BRDA:74,5,1,0
BRDA:91,6,0,0
BRDA:91,6,1,0
BRDA:101,7,0,0
BRDA:101,7,1,0
BRDA:107,8,0,0
BRDA:107,8,1,0
BRDA:112,9,0,0
BRDA:112,9,1,0
BRDA:132,10,0,0
BRDA:132,10,1,0
BRDA:139,11,0,0
BRDA:139,11,1,0
BRDA:152,12,0,0
BRDA:152,12,1,0
BRDA:161,13,0,0
BRDA:161,13,1,0
BRDA:164,14,0,0
BRDA:164,14,1,0
BRDA:248,15,0,0
BRDA:248,15,1,0
BRDA:261,16,0,0
BRDA:261,16,1,0
BRDA:293,17,0,0
BRDA:293,17,1,0
BRDA:324,18,0,0
BRDA:324,18,1,0
BRDA:342,19,0,0
BRDA:342,19,1,0
BRDA:348,20,0,0
BRDA:348,20,1,0
BRDA:358,21,0,0
BRDA:358,21,1,0
BRF:44
BRH:0
end_of_record
TN:
SF:src/routes/AdminRoutes.jsx
FN:39,(anonymous_0)
FNF:1
FNH:0
FNDA:0,(anonymous_0)
DA:39,0
DA:40,0
DA:42,0
LF:3
LH:0
BRF:0
BRH:0
end_of_record
TN:
SF:src/routes/PublicRoutes.jsx
FN:10,(anonymous_0)
FNF:1
FNH:0
FNDA:0,(anonymous_0)
DA:10,0
DA:11,0
LF:2
LH:0
BRF:0
BRH:0
end_of_record
TN:
SF:src/routes/SalesRepRoutes.jsx
FN:12,(anonymous_0)
FN:15,(anonymous_1)
FNF:2
FNH:0
FNDA:0,(anonymous_0)
FNDA:0,(anonymous_1)
DA:12,0
DA:13,0
DA:15,0
DA:16,0
DA:19,0
LF:5
LH:0
BRF:0
BRH:0
end_of_record
TN:
SF:src/utils/errorHandler.js
FN:29,(anonymous_0)
FN:43,(anonymous_1)
FN:97,(anonymous_2)
FN:120,(anonymous_3)
FN:124,(anonymous_4)
FN:134,(anonymous_5)
FN:147,(anonymous_6)
FN:178,(anonymous_7)
FN:197,(anonymous_8)
FN:198,(anonymous_9)
FN:205,(anonymous_10)
FN:233,(anonymous_11)
FN:234,(anonymous_12)
FNF:13
FNH:4
FNDA:9,(anonymous_0)
FNDA:18,(anonymous_1)
FNDA:0,(anonymous_2)
FNDA:9,(anonymous_3)
FNDA:9,(anonymous_4)
FNDA:0,(anonymous_5)
FNDA:0,(anonymous_6)
FNDA:0,(anonymous_7)
FNDA:0,(anonymous_8)
FNDA:0,(anonymous_9)
FNDA:0,(anonymous_10)
FNDA:0,(anonymous_11)
FNDA:0,(anonymous_12)
DA:7,3
DA:18,3
DA:30,9
DA:31,9
DA:32,9
DA:33,9
DA:34,9
DA:35,9
DA:36,9
DA:43,3
DA:45,18
DA:46,9
DA:49,9
DA:50,9
DA:51,9
DA:54,9
DA:55,9
DA:56,9
DA:59,9
DA:62,9
DA:63,9
DA:64,9
DA:65,9
DA:66,0
DA:67,0
DA:68,0
DA:69,0
DA:70,0
DA:71,0
DA:72,0
DA:73,0
DA:74,0
DA:75,0
DA:76,0
DA:80,0
DA:81,0
DA:82,0
DA:83,0
DA:86,0
DA:87,0
DA:88,0
DA:91,9
DA:97,3
DA:98,0
DA:101,0
DA:103,0
DA:105,0
DA:107,0
DA:109,0
DA:111,0
DA:113,0
DA:120,3
DA:121,9
DA:124,9
DA:126,9
DA:136,0
DA:141,9
DA:147,3
DA:155,0
DA:157,0
DA:160,0
DA:161,0
DA:165,0
DA:167,0
DA:168,0
DA:171,0
DA:177,0
DA:178,0
DA:180,0
DA:181,0
DA:183,0
DA:191,0
DA:197,3
DA:199,0
DA:207,0
DA:208,0
DA:211,0
DA:212,0
DA:214,0
DA:215,0
DA:217,0
DA:218,0
DA:219,0
DA:222,0
DA:223,0
DA:224,0
DA:226,0
DA:233,3
DA:234,0
DA:235,0
DA:236,0
DA:238,0
LF:92
LH:33
BRDA:29,0,0,0
BRDA:29,1,0,0
BRDA:29,2,0,0
BRDA:45,3,0,9
BRDA:45,3,1,9
BRDA:54,4,0,9
BRDA:54,4,1,0
BRDA:59,5,0,9
BRDA:59,5,1,9
BRDA:59,5,2,0
BRDA:59,5,3,0
BRDA:62,6,0,9
BRDA:62,6,1,0
BRDA:66,7,0,0
BRDA:66,7,1,0
BRDA:70,8,0,0
BRDA:70,8,1,0
BRDA:70,9,0,0
BRDA:70,9,1,0
BRDA:73,10,0,0
BRDA:73,10,1,0
BRDA:80,11,0,0
BRDA:80,11,1,0
BRDA:86,12,0,0
BRDA:86,12,1,0
BRDA:101,13,0,0
BRDA:101,13,1,0
BRDA:101,13,2,0
BRDA:101,13,3,0
BRDA:101,13,4,0
BRDA:101,13,5,0
BRDA:109,14,0,0
BRDA:109,14,1,0
BRDA:113,15,0,0
BRDA:113,15,1,0
BRDA:120,16,0,0
BRDA:136,17,0,0
BRDA:136,17,1,0
BRDA:147,18,0,0
BRDA:149,19,0,0
BRDA:150,20,0,0
BRDA:151,21,0,0
BRDA:152,22,0,0
BRDA:153,23,0,0
BRDA:154,24,0,0
BRDA:160,25,0,0
BRDA:160,25,1,0
BRDA:165,26,0,0
BRDA:165,26,1,0
BRDA:177,27,0,0
BRDA:177,27,1,0
BRDA:177,28,0,0
BRDA:177,28,1,0
BRDA:177,28,2,0
BRDA:233,29,0,0
BRF:55
BRH:6
end_of_record
TN:
SF:src/utils/export.js
FNF:0
FNH:0
LF:0
LH:0
BRF:0
BRH:0
end_of_record
TN:
SF:src/utils/formatters.js
FN:11,(anonymous_0)
FN:30,(anonymous_1)
FN:89,(anonymous_2)
FN:102,(anonymous_3)
FNF:4
FNH:0
FNDA:0,(anonymous_0)
FNDA:0,(anonymous_1)
FNDA:0,(anonymous_2)
FNDA:0,(anonymous_3)
DA:11,0
DA:12,0
DA:13,0
DA:16,0
DA:30,0
DA:31,0
DA:33,0
DA:37,0
DA:38,0
DA:39,0
DA:41,0
DA:44,0
DA:45,0
DA:46,0
DA:48,0
DA:51,0
DA:52,0
DA:56,0
DA:57,0
DA:59,0
DA:63,0
DA:64,0
DA:68,0
DA:74,0
DA:79,0
DA:89,0
DA:90,0
DA:102,0
DA:103,0
LF:29
LH:0
BRDA:11,0,0,0
BRDA:12,1,0,0
BRDA:12,1,1,0
BRDA:12,2,0,0
BRDA:12,2,1,0
BRDA:30,3,0,0
BRDA:31,4,0,0
BRDA:31,4,1,0
BRDA:37,5,0,0
BRDA:37,5,1,0
BRDA:39,6,0,0
BRDA:39,6,1,0
BRDA:44,7,0,0
BRDA:44,7,1,0
BRDA:46,8,0,0
BRDA:46,8,1,0
BRDA:51,9,0,0
BRDA:51,9,1,0
BRDA:56,10,0,0
BRDA:56,10,1,0
BRDA:63,11,0,0
BRDA:63,11,1,0
BRDA:76,12,0,0
BRDA:76,12,1,0
BRDA:89,13,0,0
BRDA:102,14,0,0
BRF:26
BRH:0
end_of_record
TN:
SF:src/utils/googleMaps.js
FN:8,(anonymous_0)
FN:13,(anonymous_1)
FN:33,(anonymous_2)
FN:55,(anonymous_3)
FN:84,(anonymous_4)
FN:98,(anonymous_5)
FN:169,(anonymous_6)
FN:186,(anonymous_7)
FN:205,(anonymous_8)
FN:214,(anonymous_9)
FN:253,(anonymous_10)
FNF:11
FNH:0
FNDA:0,(anonymous_0)
FNDA:0,(anonymous_1)
FNDA:0,(anonymous_2)
FNDA:0,(anonymous_3)
FNDA:0,(anonymous_4)
FNDA:0,(anonymous_5)
FNDA:0,(anonymous_6)
FNDA:0,(anonymous_7)
FNDA:0,(anonymous_8)
FNDA:0,(anonymous_9)
FNDA:0,(anonymous_10)
DA:8,0
DA:9,0
DA:10,0
DA:13,0
DA:24,0
DA:33,0
DA:34,0
DA:35,0
DA:37,0
DA:38,0
DA:45,0
DA:55,0
DA:56,0
DA:57,0
DA:63,0
DA:66,0
DA:67,0
DA:70,0
DA:72,0
DA:84,0
DA:90,0
DA:92,0
DA:93,0
DA:97,0
DA:100,0
DA:101,0
DA:104,0
DA:105,0
DA:112,0
DA:117,0
DA:118,0
DA:121,0
DA:123,0
DA:132,0
DA:135,0
DA:136,0
DA:139,0
DA:143,0
DA:146,0
DA:160,0
DA:169,0
DA:171,0
DA:176,0
DA:178,0
DA:186,0
DA:187,0
DA:189,0
DA:190,0
DA:192,0
DA:193,0
DA:196,0
DA:205,0
DA:206,0
DA:214,0
DA:215,0
DA:216,0
DA:219,0
DA:229,0
DA:231,0
DA:244,0
DA:253,0
DA:254,0
DA:255,0
DA:258,0
LF:64
LH:0
BRDA:63,0,0,0
BRDA:63,0,1,0
BRDA:66,1,0,0
BRDA:66,1,1,0
BRDA:66,2,0,0
BRDA:66,2,1,0
BRDA:87,3,0,0
BRDA:88,4,0,0
BRDA:92,5,0,0
BRDA:92,5,1,0
BRDA:92,6,0,0
BRDA:92,6,1,0
BRDA:92,6,2,0
BRDA:100,7,0,0
BRDA:100,7,1,0
BRDA:104,8,0,0
BRDA:104,8,1,0
BRDA:104,9,0,0
BRDA:104,9,1,0
BRDA:104,9,2,0
BRDA:108,10,0,0
BRDA:108,10,1,0
BRDA:117,11,0,0
BRDA:117,11,1,0
BRDA:132,12,0,0
BRDA:132,12,1,0
BRDA:135,13,0,0
BRDA:135,13,1,0
BRDA:135,14,0,0
BRDA:135,14,1,0
BRDA:171,15,0,0
BRDA:171,15,1,0
BRDA:172,16,0,0
BRDA:172,16,1,0
BRDA:172,16,2,0
BRDA:187,17,0,0
BRDA:187,17,1,0
BRDA:192,18,0,0
BRDA:192,18,1,0
BRDA:215,19,0,0
BRDA:215,19,1,0
BRDA:234,20,0,0
BRDA:234,20,1,0
BRDA:238,21,0,0
BRDA:238,21,1,0
BRDA:254,22,0,0
BRDA:254,22,1,0
BRDA:260,23,0,0
BRDA:260,23,1,0
BRDA:264,24,0,0
BRDA:264,24,1,0
BRDA:269,25,0,0
BRDA:269,25,1,0
BRDA:270,26,0,0
BRDA:270,26,1,0
BRF:55
BRH:0
end_of_record
TN:
SF:src/utils/htmlSanitizer.js
FN:12,(anonymous_0)
FN:44,(anonymous_1)
FN:73,(anonymous_2)
FNF:3
FNH:0
FNDA:0,(anonymous_0)
FNDA:0,(anonymous_1)
FNDA:0,(anonymous_2)
DA:12,0
DA:13,0
DA:14,0
DA:18,0
DA:19,0
DA:22,0
DA:25,0
DA:35,0
DA:44,0
DA:45,0
DA:46,0
DA:50,0
DA:53,0
DA:64,0
DA:73,0
DA:74,0
DA:75,0
DA:78,0
DA:80,0
DA:81,0
DA:84,0
DA:86,0
DA:91,0
LF:23
LH:0
BRDA:13,0,0,0
BRDA:13,0,1,0
BRDA:13,1,0,0
BRDA:13,1,1,0
BRDA:22,2,0,0
BRDA:22,2,1,0
BRDA:22,2,2,0
BRDA:45,3,0,0
BRDA:45,3,1,0
BRDA:45,4,0,0
BRDA:45,4,1,0
BRDA:74,5,0,0
BRDA:74,5,1,0
BRDA:74,6,0,0
BRDA:74,6,1,0
BRDA:84,7,0,0
BRDA:84,7,1,0
BRDA:84,7,2,0
BRF:18
BRH:0
end_of_record
TN:
SF:src/utils/logger.js
FN:33,(anonymous_0)
FN:45,(anonymous_1)
FN:62,(anonymous_2)
FN:79,(anonymous_3)
FN:83,(anonymous_4)
FN:97,(anonymous_5)
FN:107,(anonymous_6)
FN:117,(anonymous_7)
FN:128,(anonymous_8)
FN:136,(anonymous_9)
FN:144,(anonymous_10)
FN:153,(anonymous_11)
FN:157,(anonymous_12)
FN:162,(anonymous_13)
FN:167,(anonymous_14)
FN:178,(anonymous_15)
FN:179,(anonymous_16)
FN:180,(anonymous_17)
FN:181,(anonymous_18)
FNF:19
FNH:5
FNDA:27,(anonymous_0)
FNDA:1152,(anonymous_1)
FNDA:9,(anonymous_2)
FNDA:1,(anonymous_3)
FNDA:9,(anonymous_4)
FNDA:0,(anonymous_5)
FNDA:0,(anonymous_6)
FNDA:0,(anonymous_7)
FNDA:0,(anonymous_8)
FNDA:0,(anonymous_9)
FNDA:0,(anonymous_10)
FNDA:0,(anonymous_11)
FNDA:0,(anonymous_12)
FNDA:0,(anonymous_13)
FNDA:0,(anonymous_14)
FNDA:0,(anonymous_15)
FNDA:0,(anonymous_16)
FNDA:0,(anonymous_17)
FNDA:0,(anonymous_18)
DA:7,1
DA:15,1
DA:16,1
DA:19,1
DA:33,1
DA:34,27
DA:35,0
DA:38,27
DA:39,0
DA:42,27
DA:43,27
DA:45,1152
DA:47,144
DA:48,0
DA:49,144
DA:50,18
DA:52,126
DA:56,27
DA:62,1
DA:63,9
DA:64,9
DA:66,9
DA:80,1
DA:84,9
DA:86,9
DA:89,9
DA:98,0
DA:100,0
DA:102,0
DA:108,0
DA:110,0
DA:112,0
DA:118,0
DA:120,0
DA:122,0
DA:129,0
DA:137,0
DA:145,0
DA:154,0
DA:158,0
DA:163,0
DA:168,0
DA:173,1
DA:178,1
DA:179,1
DA:180,1
DA:181,1
LF:47
LH:28
BRDA:34,0,0,0
BRDA:34,0,1,27
BRDA:34,1,0,27
BRDA:34,1,1,27
BRDA:38,2,0,0
BRDA:38,2,1,27
BRDA:47,3,0,0
BRDA:47,3,1,144
BRDA:49,4,0,18
BRDA:49,4,1,126
BRDA:49,5,0,144
BRDA:49,5,1,18
BRDA:62,6,0,0
BRDA:71,7,0,9
BRDA:71,7,1,0
BRDA:80,8,0,1
BRDA:80,8,1,1
BRDA:83,9,0,0
BRDA:84,10,0,0
BRDA:84,10,1,9
BRDA:89,11,0,0
BRDA:89,11,1,9
BRDA:97,12,0,0
BRDA:98,13,0,0
BRDA:98,13,1,0
BRDA:102,14,0,0
BRDA:102,14,1,0
BRDA:107,15,0,0
BRDA:108,16,0,0
BRDA:108,16,1,0
BRDA:112,17,0,0
BRDA:112,17,1,0
BRDA:117,18,0,0
BRDA:118,19,0,0
BRDA:118,19,1,0
BRDA:118,20,0,0
BRDA:118,20,1,0
BRDA:122,21,0,0
BRDA:122,21,1,0
BRDA:128,22,0,0
BRDA:136,23,0,0
BRDA:147,24,0,0
BRDA:147,24,1,0
BRDA:162,25,0,0
BRDA:167,26,0,0
BRF:45
BRH:14
end_of_record
TN:
SF:src/utils/roleGuard.jsx
FN:5,(anonymous_0)
FN:25,(anonymous_1)
FN:46,(anonymous_2)
FNF:3
FNH:0
FNDA:0,(anonymous_0)
FNDA:0,(anonymous_1)
FNDA:0,(anonymous_2)
DA:5,0
DA:6,0
DA:8,0
DA:10,0
DA:13,0
DA:14,0
DA:17,0
DA:18,0
DA:21,0
DA:25,0
DA:26,0
DA:28,0
DA:30,0
DA:33,0
DA:34,0
DA:38,0
DA:39,0
DA:42,0
DA:46,0
DA:47,0
DA:49,0
DA:51,0
DA:54,0
DA:55,0
DA:58,0
LF:25
LH:0
BRDA:8,0,0,0
BRDA:8,0,1,0
BRDA:13,1,0,0
BRDA:13,1,1,0
BRDA:17,2,0,0
BRDA:17,2,1,0
BRDA:28,3,0,0
BRDA:28,3,1,0
BRDA:33,4,0,0
BRDA:33,4,1,0
BRDA:38,5,0,0
BRDA:38,5,1,0
BRDA:49,6,0,0
BRDA:49,6,1,0
BRDA:54,7,0,0
BRDA:54,7,1,0
BRF:16
BRH:0
end_of_record
TN:
SF:src/utils/routeHelpers.js
FN:11,(anonymous_0)
FN:21,(anonymous_1)
FN:31,(anonymous_2)
FN:41,(anonymous_3)
FN:52,(anonymous_4)
FN:53,(anonymous_5)
FN:54,(anonymous_6)
FNF:7
FNH:0
FNDA:0,(anonymous_0)
FNDA:0,(anonymous_1)
FNDA:0,(anonymous_2)
FNDA:0,(anonymous_3)
FNDA:0,(anonymous_4)
FNDA:0,(anonymous_5)
FNDA:0,(anonymous_6)
DA:11,0
DA:12,0
DA:13,0
DA:21,0
DA:22,0
DA:23,0
DA:24,0
DA:31,0
DA:32,0
DA:33,0
DA:34,0
DA:41,0
DA:42,0
DA:43,0
DA:44,0
DA:46,0
DA:52,0
DA:53,0
DA:54,0
LF:19
LH:0
BRDA:13,0,0,0
BRDA:13,0,1,0
BRDA:23,1,0,0
BRDA:23,1,1,0
BRDA:33,2,0,0
BRDA:33,2,1,0
BRDA:44,3,0,0
BRDA:44,3,1,0
BRF:8
BRH:0
end_of_record
TN:
SF:src/utils/secureStorage.js
FN:9,(anonymous_0)
FN:15,(anonymous_1)
FN:32,(anonymous_2)
FN:45,(anonymous_3)
FN:63,(anonymous_4)
FN:79,(anonymous_5)
FN:105,(anonymous_6)
FN:111,(anonymous_7)
FN:113,(anonymous_8)
FN:121,(anonymous_9)
FN:132,(anonymous_10)
FN:133,(anonymous_11)
FN:134,(anonymous_12)
FN:135,(anonymous_13)
FN:137,(anonymous_14)
FN:138,(anonymous_15)
FN:139,(anonymous_16)
FN:141,(anonymous_17)
FNF:18
FNH:6
FNDA:2,(anonymous_0)
FNDA:2,(anonymous_1)
FNDA:0,(anonymous_2)
FNDA:0,(anonymous_3)
FNDA:0,(anonymous_4)
FNDA:42,(anonymous_5)
FNDA:0,(anonymous_6)
FNDA:18,(anonymous_7)
FNDA:0,(anonymous_8)
FNDA:0,(anonymous_9)
FNDA:0,(anonymous_10)
FNDA:42,(anonymous_11)
FNDA:0,(anonymous_12)
FNDA:0,(anonymous_13)
FNDA:0,(anonymous_14)
FNDA:0,(anonymous_15)
FNDA:0,(anonymous_16)
FNDA:18,(anonymous_17)
DA:11,2
DA:16,2
DA:17,2
DA:18,2
DA:19,2
DA:22,2
DA:23,2
DA:24,174
DA:25,174
DA:26,174
DA:28,2
DA:33,0
DA:35,0
DA:36,0
DA:37,0
DA:38,0
DA:39,0
DA:41,0
DA:46,0
DA:48,0
DA:49,0
DA:50,0
DA:51,0
DA:52,0
DA:53,0
DA:54,0
DA:56,0
DA:58,0
DA:64,0
DA:66,0
DA:67,0
DA:68,0
DA:71,0
DA:72,0
DA:80,42
DA:82,42
DA:83,42
DA:84,0
DA:85,0
DA:88,42
DA:89,42
DA:91,0
DA:94,0
DA:95,0
DA:97,0
DA:100,0
DA:106,0
DA:107,0
DA:112,18
DA:113,18
DA:114,0
DA:115,0
DA:122,0
DA:123,0
DA:128,2
DA:131,2
DA:132,0
DA:133,42
DA:134,0
DA:135,0
DA:137,0
DA:138,0
DA:139,0
DA:141,18
LF:64
LH:22
BRDA:33,0,0,0
BRDA:33,0,1,0
BRDA:46,1,0,0
BRDA:46,1,1,0
BRDA:66,2,0,0
BRDA:66,2,1,0
BRDA:83,3,0,0
BRDA:83,3,1,42
BRDA:83,4,0,42
BRDA:83,4,1,0
BRDA:89,5,0,42
BRDA:89,5,1,0
BRDA:114,6,0,0
BRDA:114,6,1,0
BRDA:123,7,0,0
BRDA:123,7,1,0
BRF:16
BRH:3
end_of_record
TN:
SF:src/utils/validators.js
FNF:0
FNH:0
LF:0
LH:0
BRF:0
BRH:0
end_of_record
